[2025-07-24T00:05:44.212Z] VNPay payment server started at http://localhost:8000
[2025-07-24T00:06:43.539Z] [VNPAY][CREATE] Request: {"amount":949000,"orderInfo":"Thanh toán đơn hàng #1753315602984","returnUrl":"http://192.168.100.246:8081/payment-callback"}
[2025-07-24T00:06:43.542Z] [VNPAY LOG]: {"createdAt":"2025-07-24T00:06:43.542Z","method":"buildPaymentUrl","paymentUrl":"https://sandbox.vnpayment.vn/paymentv2/vpcpay.html?vnp_Amount=9490000000&vnp_Command=pay&vnp_CreateDate=20250724140643&vnp_CurrCode=VND&vnp_IpAddr=%3A%3Affff%3A192.168.100.246&vnp_Locale=vn&vnp_OrderInfo=Thanh+to%C3%A1n+%C4%91%C6%A1n+h%C3%A0ng+%231753315602984&vnp_OrderType=other&vnp_ReturnUrl=http%3A%2F%2F192.168.100.246%3A8081%2Fpayment-callback&vnp_TmnCode=ROJ5KGHQ&vnp_TxnRef=ORDER_1753315603539&vnp_Version=2.1.0","vnp_TmnCode":"ROJ5KGHQ","vnp_Version":"2.1.0","vnp_CurrCode":"VND","vnp_Locale":"vn","vnp_Command":"pay","vnp_OrderType":"other","vnp_Amount":9490000000,"vnp_IpAddr":"::ffff:192.168.100.246","vnp_ReturnUrl":"http://192.168.100.246:8081/payment-callback","vnp_TxnRef":"ORDER_1753315603539","vnp_OrderInfo":"Thanh toán đơn hàng #1753315602984","vnp_CreateDate":20250724140643}
[2025-07-24T00:06:43.543Z] [VNPAY][CREATE] Payment URL: https://sandbox.vnpayment.vn/paymentv2/vpcpay.html?vnp_Amount=9490000000&vnp_Command=pay&vnp_CreateDate=20250724140643&vnp_CurrCode=VND&vnp_IpAddr=%3A%3Affff%3A192.168.100.246&vnp_Locale=vn&vnp_OrderInfo=Thanh+to%C3%A1n+%C4%91%C6%A1n+h%C3%A0ng+%231753315602984&vnp_OrderType=other&vnp_ReturnUrl=http%3A%2F%2F192.168.100.246%3A8081%2Fpayment-callback&vnp_TmnCode=ROJ5KGHQ&vnp_TxnRef=ORDER_1753315603539&vnp_Version=2.1.0&vnp_SecureHash=c70fe3bf5fbf196b8d7cbedba5f963499c43f358482d2da548ac5f8351ec1d42c6028d785244674eafe7dc0c0f9a9e4c5dc9fbce01c822481054e97234db9481
[2025-07-24T00:14:31.267Z] [VNPAY][CREATE] Request: {"amount":949000,"orderInfo":"Thanh toán đơn hàng #1753316070727","returnUrl":"http://192.168.100.246:8081/payment-callback"}
[2025-07-24T00:14:31.268Z] [VNPAY LOG]: {"createdAt":"2025-07-24T00:14:31.268Z","method":"buildPaymentUrl","paymentUrl":"https://sandbox.vnpayment.vn/paymentv2/vpcpay.html?vnp_Amount=9490000000&vnp_Command=pay&vnp_CreateDate=20250724141431&vnp_CurrCode=VND&vnp_IpAddr=%3A%3Affff%3A192.168.100.246&vnp_Locale=vn&vnp_OrderInfo=Thanh+to%C3%A1n+%C4%91%C6%A1n+h%C3%A0ng+%231753316070727&vnp_OrderType=other&vnp_ReturnUrl=http%3A%2F%2F192.168.100.246%3A8081%2Fpayment-callback&vnp_TmnCode=ROJ5KGHQ&vnp_TxnRef=ORDER_1753316071267&vnp_Version=2.1.0","vnp_TmnCode":"ROJ5KGHQ","vnp_Version":"2.1.0","vnp_CurrCode":"VND","vnp_Locale":"vn","vnp_Command":"pay","vnp_OrderType":"other","vnp_Amount":9490000000,"vnp_IpAddr":"::ffff:192.168.100.246","vnp_ReturnUrl":"http://192.168.100.246:8081/payment-callback","vnp_TxnRef":"ORDER_1753316071267","vnp_OrderInfo":"Thanh toán đơn hàng #1753316070727","vnp_CreateDate":20250724141431}
[2025-07-24T00:14:31.269Z] [VNPAY][CREATE] Payment URL: https://sandbox.vnpayment.vn/paymentv2/vpcpay.html?vnp_Amount=9490000000&vnp_Command=pay&vnp_CreateDate=20250724141431&vnp_CurrCode=VND&vnp_IpAddr=%3A%3Affff%3A192.168.100.246&vnp_Locale=vn&vnp_OrderInfo=Thanh+to%C3%A1n+%C4%91%C6%A1n+h%C3%A0ng+%231753316070727&vnp_OrderType=other&vnp_ReturnUrl=http%3A%2F%2F192.168.100.246%3A8081%2Fpayment-callback&vnp_TmnCode=ROJ5KGHQ&vnp_TxnRef=ORDER_1753316071267&vnp_Version=2.1.0&vnp_SecureHash=a3f00ac4a025d2d046b45627cc8ec10806a1cb7d7fe62770d1fb88324e56dc0ee4240475a035ed873ff402967d8ef52036c3f089ffe205322a84da5280263bc4
[2025-07-24T00:14:31.372Z] [VNPAY][QUERY] Requesting transaction: ORDER_1753316071267
[2025-07-24T00:14:31.710Z] [VNPAY LOG]: {"createdAt":"2025-07-24T00:14:31.710Z","method":"queryDr","isVerified":true,"isSuccess":false,"message":"Các lỗi khác (lỗi còn lại, không có trong danh sách mã lỗi đã liệt kê)","vnp_ResponseCode":"99","vnp_Message":"Các lỗi khác (lỗi còn lại, không có trong danh sách mã lỗi đã liệt kê)"}
[2025-07-24T00:14:31.712Z] [VNPAY][QUERY] Result: {"isVerified":true,"isSuccess":false,"message":"Các lỗi khác (lỗi còn lại, không có trong danh sách mã lỗi đã liệt kê)","vnp_ResponseCode":"99","vnp_Message":"Các lỗi khác (lỗi còn lại, không có trong danh sách mã lỗi đã liệt kê)"}
[2025-07-24T00:19:49.684Z] [VNPAY][CREATE] Request: {"amount":949000,"orderInfo":"Thanh toán đơn hàng #1753316070727","returnUrl":"http://192.168.100.246:8081/payment-callback"}
[2025-07-24T00:19:49.686Z] [VNPAY LOG]: {"createdAt":"2025-07-24T00:19:49.685Z","method":"buildPaymentUrl","paymentUrl":"https://sandbox.vnpayment.vn/paymentv2/vpcpay.html?vnp_Amount=9490000000&vnp_Command=pay&vnp_CreateDate=20250724141949&vnp_CurrCode=VND&vnp_IpAddr=%3A%3Affff%3A192.168.100.246&vnp_Locale=vn&vnp_OrderInfo=Thanh+to%C3%A1n+%C4%91%C6%A1n+h%C3%A0ng+%231753316070727&vnp_OrderType=other&vnp_ReturnUrl=http%3A%2F%2F192.168.100.246%3A8081%2Fpayment-callback&vnp_TmnCode=ROJ5KGHQ&vnp_TxnRef=ORDER_1753316389685&vnp_Version=2.1.0","vnp_TmnCode":"ROJ5KGHQ","vnp_Version":"2.1.0","vnp_CurrCode":"VND","vnp_Locale":"vn","vnp_Command":"pay","vnp_OrderType":"other","vnp_Amount":9490000000,"vnp_IpAddr":"::ffff:192.168.100.246","vnp_ReturnUrl":"http://192.168.100.246:8081/payment-callback","vnp_TxnRef":"ORDER_1753316389685","vnp_OrderInfo":"Thanh toán đơn hàng #1753316070727","vnp_CreateDate":20250724141949}
[2025-07-24T00:19:49.686Z] [VNPAY][CREATE] Payment URL: https://sandbox.vnpayment.vn/paymentv2/vpcpay.html?vnp_Amount=9490000000&vnp_Command=pay&vnp_CreateDate=20250724141949&vnp_CurrCode=VND&vnp_IpAddr=%3A%3Affff%3A192.168.100.246&vnp_Locale=vn&vnp_OrderInfo=Thanh+to%C3%A1n+%C4%91%C6%A1n+h%C3%A0ng+%231753316070727&vnp_OrderType=other&vnp_ReturnUrl=http%3A%2F%2F192.168.100.246%3A8081%2Fpayment-callback&vnp_TmnCode=ROJ5KGHQ&vnp_TxnRef=ORDER_1753316389685&vnp_Version=2.1.0&vnp_SecureHash=c16aa694c87d39446b04ed440c472bfe613bb5cce6fed6dd24ff0da0ff2fe28f3168c829d49930a3e74f112eedc47b2be2d4ea634f669646ff429c12debdb0fd
[2025-07-24T00:19:49.774Z] [VNPAY][QUERY] Requesting transaction: ORDER_1753316389685
[2025-07-24T00:19:49.981Z] [VNPAY LOG]: {"createdAt":"2025-07-24T00:19:49.981Z","method":"queryDr","isVerified":true,"isSuccess":false,"message":"Các lỗi khác (lỗi còn lại, không có trong danh sách mã lỗi đã liệt kê)","vnp_ResponseCode":"99","vnp_Message":"Các lỗi khác (lỗi còn lại, không có trong danh sách mã lỗi đã liệt kê)"}
[2025-07-24T00:19:49.982Z] [VNPAY][QUERY] Result: {"isVerified":true,"isSuccess":false,"message":"Các lỗi khác (lỗi còn lại, không có trong danh sách mã lỗi đã liệt kê)","vnp_ResponseCode":"99","vnp_Message":"Các lỗi khác (lỗi còn lại, không có trong danh sách mã lỗi đã liệt kê)"}
[2025-07-24T00:20:17.938Z] [VNPAY][QUERY] Requesting transaction: ORDER_1753316389685
[2025-07-24T00:20:18.105Z] [VNPAY][QUERY] Result: {"isVerified":true,"isSuccess":false,"message":"Các lỗi khác (lỗi còn lại, không có trong danh sách mã lỗi đã liệt kê)","vnp_ResponseCode":"99","vnp_Message":"Các lỗi khác (lỗi còn lại, không có trong danh sách mã lỗi đã liệt kê)"}
[2025-07-24T00:20:18.104Z] [VNPAY LOG]: {"createdAt":"2025-07-24T00:20:18.103Z","method":"queryDr","isVerified":true,"isSuccess":false,"message":"Các lỗi khác (lỗi còn lại, không có trong danh sách mã lỗi đã liệt kê)","vnp_ResponseCode":"99","vnp_Message":"Các lỗi khác (lỗi còn lại, không có trong danh sách mã lỗi đã liệt kê)"}
[2025-07-24T00:20:41.627Z] [VNPAY][QUERY] Requesting transaction: ORDER_1753316389685
[2025-07-24T00:20:41.772Z] [VNPAY LOG]: {"createdAt":"2025-07-24T00:20:41.771Z","method":"queryDr","isVerified":true,"isSuccess":false,"message":"Các lỗi khác (lỗi còn lại, không có trong danh sách mã lỗi đã liệt kê)","vnp_ResponseCode":"99","vnp_Message":"Các lỗi khác (lỗi còn lại, không có trong danh sách mã lỗi đã liệt kê)"}
[2025-07-24T00:20:41.773Z] [VNPAY][QUERY] Result: {"isVerified":true,"isSuccess":false,"message":"Các lỗi khác (lỗi còn lại, không có trong danh sách mã lỗi đã liệt kê)","vnp_ResponseCode":"99","vnp_Message":"Các lỗi khác (lỗi còn lại, không có trong danh sách mã lỗi đã liệt kê)"}
[2025-07-24T00:20:42.898Z] [VNPAY][QUERY] Requesting transaction: ORDER_1753316389685
[2025-07-24T00:20:42.961Z] [VNPAY LOG]: {"createdAt":"2025-07-24T00:20:42.961Z","method":"queryDr","isVerified":true,"isSuccess":false,"message":"Các lỗi khác (lỗi còn lại, không có trong danh sách mã lỗi đã liệt kê)","vnp_ResponseCode":"99","vnp_Message":"Các lỗi khác (lỗi còn lại, không có trong danh sách mã lỗi đã liệt kê)"}
[2025-07-24T00:20:42.962Z] [VNPAY][QUERY] Result: {"isVerified":true,"isSuccess":false,"message":"Các lỗi khác (lỗi còn lại, không có trong danh sách mã lỗi đã liệt kê)","vnp_ResponseCode":"99","vnp_Message":"Các lỗi khác (lỗi còn lại, không có trong danh sách mã lỗi đã liệt kê)"}
[2025-07-24T00:20:44.008Z] [VNPAY][QUERY] Requesting transaction: ORDER_1753316389685
[2025-07-24T00:20:44.079Z] [VNPAY LOG]: {"createdAt":"2025-07-24T00:20:44.078Z","method":"queryDr","isVerified":true,"isSuccess":false,"message":"Các lỗi khác (lỗi còn lại, không có trong danh sách mã lỗi đã liệt kê)","vnp_ResponseCode":"99","vnp_Message":"Các lỗi khác (lỗi còn lại, không có trong danh sách mã lỗi đã liệt kê)"}
[2025-07-24T00:20:44.081Z] [VNPAY][QUERY] Result: {"isVerified":true,"isSuccess":false,"message":"Các lỗi khác (lỗi còn lại, không có trong danh sách mã lỗi đã liệt kê)","vnp_ResponseCode":"99","vnp_Message":"Các lỗi khác (lỗi còn lại, không có trong danh sách mã lỗi đã liệt kê)"}
[2025-07-24T00:20:45.150Z] [VNPAY][QUERY] Requesting transaction: ORDER_1753316389685
[2025-07-24T00:20:45.204Z] [VNPAY LOG]: {"createdAt":"2025-07-24T00:20:45.202Z","method":"queryDr","isVerified":true,"isSuccess":false,"message":"Các lỗi khác (lỗi còn lại, không có trong danh sách mã lỗi đã liệt kê)","vnp_ResponseCode":"99","vnp_Message":"Các lỗi khác (lỗi còn lại, không có trong danh sách mã lỗi đã liệt kê)"}
[2025-07-24T00:20:45.205Z] [VNPAY][QUERY] Result: {"isVerified":true,"isSuccess":false,"message":"Các lỗi khác (lỗi còn lại, không có trong danh sách mã lỗi đã liệt kê)","vnp_ResponseCode":"99","vnp_Message":"Các lỗi khác (lỗi còn lại, không có trong danh sách mã lỗi đã liệt kê)"}
[2025-07-24T00:20:46.264Z] [VNPAY][QUERY] Requesting transaction: ORDER_1753316389685
[2025-07-24T00:20:46.317Z] [VNPAY LOG]: {"createdAt":"2025-07-24T00:20:46.316Z","method":"queryDr","isVerified":true,"isSuccess":false,"message":"Các lỗi khác (lỗi còn lại, không có trong danh sách mã lỗi đã liệt kê)","vnp_ResponseCode":"99","vnp_Message":"Các lỗi khác (lỗi còn lại, không có trong danh sách mã lỗi đã liệt kê)"}
[2025-07-24T00:20:46.318Z] [VNPAY][QUERY] Result: {"isVerified":true,"isSuccess":false,"message":"Các lỗi khác (lỗi còn lại, không có trong danh sách mã lỗi đã liệt kê)","vnp_ResponseCode":"99","vnp_Message":"Các lỗi khác (lỗi còn lại, không có trong danh sách mã lỗi đã liệt kê)"}
[2025-07-24T00:20:47.381Z] [VNPAY][QUERY] Requesting transaction: ORDER_1753316389685
[2025-07-24T00:20:47.437Z] [VNPAY LOG]: {"createdAt":"2025-07-24T00:20:47.436Z","method":"queryDr","isVerified":true,"isSuccess":false,"message":"Các lỗi khác (lỗi còn lại, không có trong danh sách mã lỗi đã liệt kê)","vnp_ResponseCode":"99","vnp_Message":"Các lỗi khác (lỗi còn lại, không có trong danh sách mã lỗi đã liệt kê)"}
[2025-07-24T00:20:47.439Z] [VNPAY][QUERY] Result: {"isVerified":true,"isSuccess":false,"message":"Các lỗi khác (lỗi còn lại, không có trong danh sách mã lỗi đã liệt kê)","vnp_ResponseCode":"99","vnp_Message":"Các lỗi khác (lỗi còn lại, không có trong danh sách mã lỗi đã liệt kê)"}
[2025-07-24T00:20:51.064Z] [VNPAY][QUERY] Requesting transaction: ORDER_1753316389685
[2025-07-24T00:20:51.114Z] [VNPAY LOG]: {"createdAt":"2025-07-24T00:20:51.114Z","method":"queryDr","isVerified":true,"isSuccess":false,"message":"Các lỗi khác (lỗi còn lại, không có trong danh sách mã lỗi đã liệt kê)","vnp_ResponseCode":"99","vnp_Message":"Các lỗi khác (lỗi còn lại, không có trong danh sách mã lỗi đã liệt kê)"}
[2025-07-24T00:20:51.115Z] [VNPAY][QUERY] Result: {"isVerified":true,"isSuccess":false,"message":"Các lỗi khác (lỗi còn lại, không có trong danh sách mã lỗi đã liệt kê)","vnp_ResponseCode":"99","vnp_Message":"Các lỗi khác (lỗi còn lại, không có trong danh sách mã lỗi đã liệt kê)"}
[2025-07-24T00:20:52.284Z] [VNPAY][QUERY] Requesting transaction: ORDER_1753316389685
[2025-07-24T00:20:52.336Z] [VNPAY LOG]: {"createdAt":"2025-07-24T00:20:52.336Z","method":"queryDr","isVerified":true,"isSuccess":false,"message":"Các lỗi khác (lỗi còn lại, không có trong danh sách mã lỗi đã liệt kê)","vnp_ResponseCode":"99","vnp_Message":"Các lỗi khác (lỗi còn lại, không có trong danh sách mã lỗi đã liệt kê)"}
[2025-07-24T00:20:52.337Z] [VNPAY][QUERY] Result: {"isVerified":true,"isSuccess":false,"message":"Các lỗi khác (lỗi còn lại, không có trong danh sách mã lỗi đã liệt kê)","vnp_ResponseCode":"99","vnp_Message":"Các lỗi khác (lỗi còn lại, không có trong danh sách mã lỗi đã liệt kê)"}
[2025-07-24T00:20:53.380Z] [VNPAY][QUERY] Requesting transaction: ORDER_1753316389685
[2025-07-24T00:20:53.430Z] [VNPAY LOG]: {"createdAt":"2025-07-24T00:20:53.430Z","method":"queryDr","isVerified":true,"isSuccess":false,"message":"Các lỗi khác (lỗi còn lại, không có trong danh sách mã lỗi đã liệt kê)","vnp_ResponseCode":"99","vnp_Message":"Các lỗi khác (lỗi còn lại, không có trong danh sách mã lỗi đã liệt kê)"}
[2025-07-24T00:20:53.430Z] [VNPAY][QUERY] Result: {"isVerified":true,"isSuccess":false,"message":"Các lỗi khác (lỗi còn lại, không có trong danh sách mã lỗi đã liệt kê)","vnp_ResponseCode":"99","vnp_Message":"Các lỗi khác (lỗi còn lại, không có trong danh sách mã lỗi đã liệt kê)"}
[2025-07-24T00:20:54.472Z] [VNPAY][QUERY] Requesting transaction: ORDER_1753316389685
[2025-07-24T00:20:54.527Z] [VNPAY LOG]: {"createdAt":"2025-07-24T00:20:54.526Z","method":"queryDr","isVerified":true,"isSuccess":false,"message":"Các lỗi khác (lỗi còn lại, không có trong danh sách mã lỗi đã liệt kê)","vnp_ResponseCode":"99","vnp_Message":"Các lỗi khác (lỗi còn lại, không có trong danh sách mã lỗi đã liệt kê)"}
[2025-07-24T00:20:54.529Z] [VNPAY][QUERY] Result: {"isVerified":true,"isSuccess":false,"message":"Các lỗi khác (lỗi còn lại, không có trong danh sách mã lỗi đã liệt kê)","vnp_ResponseCode":"99","vnp_Message":"Các lỗi khác (lỗi còn lại, không có trong danh sách mã lỗi đã liệt kê)"}
[2025-07-24T00:20:55.590Z] [VNPAY][QUERY] Requesting transaction: ORDER_1753316389685
[2025-07-24T00:20:55.646Z] [VNPAY LOG]: {"createdAt":"2025-07-24T00:20:55.643Z","method":"queryDr","isVerified":true,"isSuccess":false,"message":"Các lỗi khác (lỗi còn lại, không có trong danh sách mã lỗi đã liệt kê)","vnp_ResponseCode":"99","vnp_Message":"Các lỗi khác (lỗi còn lại, không có trong danh sách mã lỗi đã liệt kê)"}
[2025-07-24T00:20:55.646Z] [VNPAY][QUERY] Result: {"isVerified":true,"isSuccess":false,"message":"Các lỗi khác (lỗi còn lại, không có trong danh sách mã lỗi đã liệt kê)","vnp_ResponseCode":"99","vnp_Message":"Các lỗi khác (lỗi còn lại, không có trong danh sách mã lỗi đã liệt kê)"}
[2025-07-24T00:20:56.718Z] [VNPAY][QUERY] Requesting transaction: ORDER_1753316389685
[2025-07-24T00:20:56.768Z] [VNPAY LOG]: {"createdAt":"2025-07-24T00:20:56.767Z","method":"queryDr","isVerified":true,"isSuccess":false,"message":"Các lỗi khác (lỗi còn lại, không có trong danh sách mã lỗi đã liệt kê)","vnp_ResponseCode":"99","vnp_Message":"Các lỗi khác (lỗi còn lại, không có trong danh sách mã lỗi đã liệt kê)"}
[2025-07-24T00:20:56.768Z] [VNPAY][QUERY] Result: {"isVerified":true,"isSuccess":false,"message":"Các lỗi khác (lỗi còn lại, không có trong danh sách mã lỗi đã liệt kê)","vnp_ResponseCode":"99","vnp_Message":"Các lỗi khác (lỗi còn lại, không có trong danh sách mã lỗi đã liệt kê)"}
[2025-07-24T00:20:57.837Z] [VNPAY][QUERY] Requesting transaction: ORDER_1753316389685
[2025-07-24T00:20:57.890Z] [VNPAY LOG]: {"createdAt":"2025-07-24T00:20:57.890Z","method":"queryDr","isVerified":true,"isSuccess":false,"message":"Các lỗi khác (lỗi còn lại, không có trong danh sách mã lỗi đã liệt kê)","vnp_ResponseCode":"99","vnp_Message":"Các lỗi khác (lỗi còn lại, không có trong danh sách mã lỗi đã liệt kê)"}
[2025-07-24T00:20:57.890Z] [VNPAY][QUERY] Result: {"isVerified":true,"isSuccess":false,"message":"Các lỗi khác (lỗi còn lại, không có trong danh sách mã lỗi đã liệt kê)","vnp_ResponseCode":"99","vnp_Message":"Các lỗi khác (lỗi còn lại, không có trong danh sách mã lỗi đã liệt kê)"}
[2025-07-24T00:20:58.948Z] [VNPAY][QUERY] Requesting transaction: ORDER_1753316389685
[2025-07-24T00:20:58.999Z] [VNPAY LOG]: {"createdAt":"2025-07-24T00:20:58.999Z","method":"queryDr","isVerified":true,"isSuccess":false,"message":"Các lỗi khác (lỗi còn lại, không có trong danh sách mã lỗi đã liệt kê)","vnp_ResponseCode":"99","vnp_Message":"Các lỗi khác (lỗi còn lại, không có trong danh sách mã lỗi đã liệt kê)"}
[2025-07-24T00:20:59.000Z] [VNPAY][QUERY] Result: {"isVerified":true,"isSuccess":false,"message":"Các lỗi khác (lỗi còn lại, không có trong danh sách mã lỗi đã liệt kê)","vnp_ResponseCode":"99","vnp_Message":"Các lỗi khác (lỗi còn lại, không có trong danh sách mã lỗi đã liệt kê)"}
[2025-07-24T00:21:00.047Z] [VNPAY][QUERY] Requesting transaction: ORDER_1753316389685
[2025-07-24T00:21:00.099Z] [VNPAY LOG]: {"createdAt":"2025-07-24T00:21:00.097Z","method":"queryDr","isVerified":true,"isSuccess":false,"message":"Các lỗi khác (lỗi còn lại, không có trong danh sách mã lỗi đã liệt kê)","vnp_ResponseCode":"99","vnp_Message":"Các lỗi khác (lỗi còn lại, không có trong danh sách mã lỗi đã liệt kê)"}
[2025-07-24T00:21:00.100Z] [VNPAY][QUERY] Result: {"isVerified":true,"isSuccess":false,"message":"Các lỗi khác (lỗi còn lại, không có trong danh sách mã lỗi đã liệt kê)","vnp_ResponseCode":"99","vnp_Message":"Các lỗi khác (lỗi còn lại, không có trong danh sách mã lỗi đã liệt kê)"}
[2025-07-24T00:21:01.146Z] [VNPAY][QUERY] Requesting transaction: ORDER_1753316389685
[2025-07-24T00:21:01.195Z] [VNPAY LOG]: {"createdAt":"2025-07-24T00:21:01.195Z","method":"queryDr","isVerified":true,"isSuccess":false,"message":"Các lỗi khác (lỗi còn lại, không có trong danh sách mã lỗi đã liệt kê)","vnp_ResponseCode":"99","vnp_Message":"Các lỗi khác (lỗi còn lại, không có trong danh sách mã lỗi đã liệt kê)"}
[2025-07-24T00:21:01.196Z] [VNPAY][QUERY] Result: {"isVerified":true,"isSuccess":false,"message":"Các lỗi khác (lỗi còn lại, không có trong danh sách mã lỗi đã liệt kê)","vnp_ResponseCode":"99","vnp_Message":"Các lỗi khác (lỗi còn lại, không có trong danh sách mã lỗi đã liệt kê)"}
[2025-07-24T00:21:02.238Z] [VNPAY][QUERY] Requesting transaction: ORDER_1753316389685
[2025-07-24T00:21:02.338Z] [VNPAY LOG]: {"createdAt":"2025-07-24T00:21:02.337Z","method":"queryDr","isVerified":true,"isSuccess":false,"message":"Các lỗi khác (lỗi còn lại, không có trong danh sách mã lỗi đã liệt kê)","vnp_ResponseCode":"99","vnp_Message":"Các lỗi khác (lỗi còn lại, không có trong danh sách mã lỗi đã liệt kê)"}
[2025-07-24T00:21:02.339Z] [VNPAY][QUERY] Result: {"isVerified":true,"isSuccess":false,"message":"Các lỗi khác (lỗi còn lại, không có trong danh sách mã lỗi đã liệt kê)","vnp_ResponseCode":"99","vnp_Message":"Các lỗi khác (lỗi còn lại, không có trong danh sách mã lỗi đã liệt kê)"}
[2025-07-24T00:21:03.409Z] [VNPAY][QUERY] Requesting transaction: ORDER_1753316389685
[2025-07-24T00:21:03.476Z] [VNPAY LOG]: {"createdAt":"2025-07-24T00:21:03.466Z","method":"queryDr","isVerified":true,"isSuccess":false,"message":"Các lỗi khác (lỗi còn lại, không có trong danh sách mã lỗi đã liệt kê)","vnp_ResponseCode":"99","vnp_Message":"Các lỗi khác (lỗi còn lại, không có trong danh sách mã lỗi đã liệt kê)"}
[2025-07-24T00:21:03.478Z] [VNPAY][QUERY] Result: {"isVerified":true,"isSuccess":false,"message":"Các lỗi khác (lỗi còn lại, không có trong danh sách mã lỗi đã liệt kê)","vnp_ResponseCode":"99","vnp_Message":"Các lỗi khác (lỗi còn lại, không có trong danh sách mã lỗi đã liệt kê)"}
[2025-07-24T00:21:04.545Z] [VNPAY][QUERY] Requesting transaction: ORDER_1753316389685
[2025-07-24T00:21:04.603Z] [VNPAY LOG]: {"createdAt":"2025-07-24T00:21:04.603Z","method":"queryDr","isVerified":true,"isSuccess":false,"message":"Các lỗi khác (lỗi còn lại, không có trong danh sách mã lỗi đã liệt kê)","vnp_ResponseCode":"99","vnp_Message":"Các lỗi khác (lỗi còn lại, không có trong danh sách mã lỗi đã liệt kê)"}
[2025-07-24T00:21:04.604Z] [VNPAY][QUERY] Result: {"isVerified":true,"isSuccess":false,"message":"Các lỗi khác (lỗi còn lại, không có trong danh sách mã lỗi đã liệt kê)","vnp_ResponseCode":"99","vnp_Message":"Các lỗi khác (lỗi còn lại, không có trong danh sách mã lỗi đã liệt kê)"}
[2025-07-24T00:21:05.651Z] [VNPAY][QUERY] Requesting transaction: ORDER_1753316389685
[2025-07-24T00:21:05.700Z] [VNPAY LOG]: {"createdAt":"2025-07-24T00:21:05.699Z","method":"queryDr","isVerified":true,"isSuccess":false,"message":"Các lỗi khác (lỗi còn lại, không có trong danh sách mã lỗi đã liệt kê)","vnp_ResponseCode":"99","vnp_Message":"Các lỗi khác (lỗi còn lại, không có trong danh sách mã lỗi đã liệt kê)"}
[2025-07-24T00:21:05.700Z] [VNPAY][QUERY] Result: {"isVerified":true,"isSuccess":false,"message":"Các lỗi khác (lỗi còn lại, không có trong danh sách mã lỗi đã liệt kê)","vnp_ResponseCode":"99","vnp_Message":"Các lỗi khác (lỗi còn lại, không có trong danh sách mã lỗi đã liệt kê)"}
[2025-07-24T00:21:06.766Z] [VNPAY][QUERY] Requesting transaction: ORDER_1753316389685
[2025-07-24T00:21:06.815Z] [VNPAY LOG]: {"createdAt":"2025-07-24T00:21:06.814Z","method":"queryDr","isVerified":true,"isSuccess":false,"message":"Các lỗi khác (lỗi còn lại, không có trong danh sách mã lỗi đã liệt kê)","vnp_ResponseCode":"99","vnp_Message":"Các lỗi khác (lỗi còn lại, không có trong danh sách mã lỗi đã liệt kê)"}
[2025-07-24T00:21:06.815Z] [VNPAY][QUERY] Result: {"isVerified":true,"isSuccess":false,"message":"Các lỗi khác (lỗi còn lại, không có trong danh sách mã lỗi đã liệt kê)","vnp_ResponseCode":"99","vnp_Message":"Các lỗi khác (lỗi còn lại, không có trong danh sách mã lỗi đã liệt kê)"}
[2025-07-24T00:21:07.847Z] [VNPAY][QUERY] Requesting transaction: ORDER_1753316389685
[2025-07-24T00:21:07.895Z] [VNPAY LOG]: {"createdAt":"2025-07-24T00:21:07.895Z","method":"queryDr","isVerified":true,"isSuccess":false,"message":"Các lỗi khác (lỗi còn lại, không có trong danh sách mã lỗi đã liệt kê)","vnp_ResponseCode":"99","vnp_Message":"Các lỗi khác (lỗi còn lại, không có trong danh sách mã lỗi đã liệt kê)"}
[2025-07-24T00:21:07.896Z] [VNPAY][QUERY] Result: {"isVerified":true,"isSuccess":false,"message":"Các lỗi khác (lỗi còn lại, không có trong danh sách mã lỗi đã liệt kê)","vnp_ResponseCode":"99","vnp_Message":"Các lỗi khác (lỗi còn lại, không có trong danh sách mã lỗi đã liệt kê)"}
[2025-07-24T00:21:08.932Z] [VNPAY][QUERY] Requesting transaction: ORDER_1753316389685
[2025-07-24T00:21:08.986Z] [VNPAY LOG]: {"createdAt":"2025-07-24T00:21:08.984Z","method":"queryDr","isVerified":true,"isSuccess":false,"message":"Các lỗi khác (lỗi còn lại, không có trong danh sách mã lỗi đã liệt kê)","vnp_ResponseCode":"99","vnp_Message":"Các lỗi khác (lỗi còn lại, không có trong danh sách mã lỗi đã liệt kê)"}
[2025-07-24T00:21:08.987Z] [VNPAY][QUERY] Result: {"isVerified":true,"isSuccess":false,"message":"Các lỗi khác (lỗi còn lại, không có trong danh sách mã lỗi đã liệt kê)","vnp_ResponseCode":"99","vnp_Message":"Các lỗi khác (lỗi còn lại, không có trong danh sách mã lỗi đã liệt kê)"}
[2025-07-24T00:21:10.048Z] [VNPAY][QUERY] Requesting transaction: ORDER_1753316389685
[2025-07-24T00:21:10.096Z] [VNPAY LOG]: {"createdAt":"2025-07-24T00:21:10.096Z","method":"queryDr","isVerified":true,"isSuccess":false,"message":"Các lỗi khác (lỗi còn lại, không có trong danh sách mã lỗi đã liệt kê)","vnp_ResponseCode":"99","vnp_Message":"Các lỗi khác (lỗi còn lại, không có trong danh sách mã lỗi đã liệt kê)"}
[2025-07-24T00:21:10.096Z] [VNPAY][QUERY] Result: {"isVerified":true,"isSuccess":false,"message":"Các lỗi khác (lỗi còn lại, không có trong danh sách mã lỗi đã liệt kê)","vnp_ResponseCode":"99","vnp_Message":"Các lỗi khác (lỗi còn lại, không có trong danh sách mã lỗi đã liệt kê)"}
[2025-07-24T00:21:11.140Z] [VNPAY][QUERY] Requesting transaction: ORDER_1753316389685
[2025-07-24T00:21:11.192Z] [VNPAY LOG]: {"createdAt":"2025-07-24T00:21:11.191Z","method":"queryDr","isVerified":true,"isSuccess":false,"message":"Các lỗi khác (lỗi còn lại, không có trong danh sách mã lỗi đã liệt kê)","vnp_ResponseCode":"99","vnp_Message":"Các lỗi khác (lỗi còn lại, không có trong danh sách mã lỗi đã liệt kê)"}
[2025-07-24T00:21:11.192Z] [VNPAY][QUERY] Result: {"isVerified":true,"isSuccess":false,"message":"Các lỗi khác (lỗi còn lại, không có trong danh sách mã lỗi đã liệt kê)","vnp_ResponseCode":"99","vnp_Message":"Các lỗi khác (lỗi còn lại, không có trong danh sách mã lỗi đã liệt kê)"}
[2025-07-24T00:21:12.232Z] [VNPAY][QUERY] Requesting transaction: ORDER_1753316389685
[2025-07-24T00:21:12.281Z] [VNPAY LOG]: {"createdAt":"2025-07-24T00:21:12.280Z","method":"queryDr","isVerified":true,"isSuccess":false,"message":"Các lỗi khác (lỗi còn lại, không có trong danh sách mã lỗi đã liệt kê)","vnp_ResponseCode":"99","vnp_Message":"Các lỗi khác (lỗi còn lại, không có trong danh sách mã lỗi đã liệt kê)"}
[2025-07-24T00:21:12.281Z] [VNPAY][QUERY] Result: {"isVerified":true,"isSuccess":false,"message":"Các lỗi khác (lỗi còn lại, không có trong danh sách mã lỗi đã liệt kê)","vnp_ResponseCode":"99","vnp_Message":"Các lỗi khác (lỗi còn lại, không có trong danh sách mã lỗi đã liệt kê)"}
[2025-07-24T00:21:13.318Z] [VNPAY][QUERY] Requesting transaction: ORDER_1753316389685
[2025-07-24T00:21:13.368Z] [VNPAY LOG]: {"createdAt":"2025-07-24T00:21:13.368Z","method":"queryDr","isVerified":true,"isSuccess":false,"message":"Các lỗi khác (lỗi còn lại, không có trong danh sách mã lỗi đã liệt kê)","vnp_ResponseCode":"99","vnp_Message":"Các lỗi khác (lỗi còn lại, không có trong danh sách mã lỗi đã liệt kê)"}
[2025-07-24T00:21:13.368Z] [VNPAY][QUERY] Result: {"isVerified":true,"isSuccess":false,"message":"Các lỗi khác (lỗi còn lại, không có trong danh sách mã lỗi đã liệt kê)","vnp_ResponseCode":"99","vnp_Message":"Các lỗi khác (lỗi còn lại, không có trong danh sách mã lỗi đã liệt kê)"}
[2025-07-24T00:21:14.412Z] [VNPAY][QUERY] Requesting transaction: ORDER_1753316389685
[2025-07-24T00:21:14.461Z] [VNPAY LOG]: {"createdAt":"2025-07-24T00:21:14.461Z","method":"queryDr","isVerified":true,"isSuccess":false,"message":"Các lỗi khác (lỗi còn lại, không có trong danh sách mã lỗi đã liệt kê)","vnp_ResponseCode":"99","vnp_Message":"Các lỗi khác (lỗi còn lại, không có trong danh sách mã lỗi đã liệt kê)"}
[2025-07-24T00:21:14.462Z] [VNPAY][QUERY] Result: {"isVerified":true,"isSuccess":false,"message":"Các lỗi khác (lỗi còn lại, không có trong danh sách mã lỗi đã liệt kê)","vnp_ResponseCode":"99","vnp_Message":"Các lỗi khác (lỗi còn lại, không có trong danh sách mã lỗi đã liệt kê)"}
[2025-07-24T00:21:15.495Z] [VNPAY][QUERY] Requesting transaction: ORDER_1753316389685
[2025-07-24T00:21:15.546Z] [VNPAY LOG]: {"createdAt":"2025-07-24T00:21:15.545Z","method":"queryDr","isVerified":true,"isSuccess":false,"message":"Các lỗi khác (lỗi còn lại, không có trong danh sách mã lỗi đã liệt kê)","vnp_ResponseCode":"99","vnp_Message":"Các lỗi khác (lỗi còn lại, không có trong danh sách mã lỗi đã liệt kê)"}
[2025-07-24T00:21:15.546Z] [VNPAY][QUERY] Result: {"isVerified":true,"isSuccess":false,"message":"Các lỗi khác (lỗi còn lại, không có trong danh sách mã lỗi đã liệt kê)","vnp_ResponseCode":"99","vnp_Message":"Các lỗi khác (lỗi còn lại, không có trong danh sách mã lỗi đã liệt kê)"}
[2025-07-24T00:21:16.580Z] [VNPAY][QUERY] Requesting transaction: ORDER_1753316389685
[2025-07-24T00:21:16.630Z] [VNPAY LOG]: {"createdAt":"2025-07-24T00:21:16.630Z","method":"queryDr","isVerified":true,"isSuccess":false,"message":"Các lỗi khác (lỗi còn lại, không có trong danh sách mã lỗi đã liệt kê)","vnp_ResponseCode":"99","vnp_Message":"Các lỗi khác (lỗi còn lại, không có trong danh sách mã lỗi đã liệt kê)"}
[2025-07-24T00:21:16.631Z] [VNPAY][QUERY] Result: {"isVerified":true,"isSuccess":false,"message":"Các lỗi khác (lỗi còn lại, không có trong danh sách mã lỗi đã liệt kê)","vnp_ResponseCode":"99","vnp_Message":"Các lỗi khác (lỗi còn lại, không có trong danh sách mã lỗi đã liệt kê)"}
[2025-07-24T00:21:17.697Z] [VNPAY][QUERY] Requesting transaction: ORDER_1753316389685
[2025-07-24T00:21:17.748Z] [VNPAY LOG]: {"createdAt":"2025-07-24T00:21:17.747Z","method":"queryDr","isVerified":true,"isSuccess":false,"message":"Các lỗi khác (lỗi còn lại, không có trong danh sách mã lỗi đã liệt kê)","vnp_ResponseCode":"99","vnp_Message":"Các lỗi khác (lỗi còn lại, không có trong danh sách mã lỗi đã liệt kê)"}
[2025-07-24T00:21:17.750Z] [VNPAY][QUERY] Result: {"isVerified":true,"isSuccess":false,"message":"Các lỗi khác (lỗi còn lại, không có trong danh sách mã lỗi đã liệt kê)","vnp_ResponseCode":"99","vnp_Message":"Các lỗi khác (lỗi còn lại, không có trong danh sách mã lỗi đã liệt kê)"}
[2025-07-24T00:21:18.808Z] [VNPAY][QUERY] Requesting transaction: ORDER_1753316389685
[2025-07-24T00:21:18.866Z] [VNPAY LOG]: {"createdAt":"2025-07-24T00:21:18.864Z","method":"queryDr","isVerified":true,"isSuccess":false,"message":"Các lỗi khác (lỗi còn lại, không có trong danh sách mã lỗi đã liệt kê)","vnp_ResponseCode":"99","vnp_Message":"Các lỗi khác (lỗi còn lại, không có trong danh sách mã lỗi đã liệt kê)"}
[2025-07-24T00:21:18.867Z] [VNPAY][QUERY] Result: {"isVerified":true,"isSuccess":false,"message":"Các lỗi khác (lỗi còn lại, không có trong danh sách mã lỗi đã liệt kê)","vnp_ResponseCode":"99","vnp_Message":"Các lỗi khác (lỗi còn lại, không có trong danh sách mã lỗi đã liệt kê)"}
[2025-07-24T00:21:19.956Z] [VNPAY][QUERY] Requesting transaction: ORDER_1753316389685
[2025-07-24T00:21:20.012Z] [VNPAY LOG]: {"createdAt":"2025-07-24T00:21:20.011Z","method":"queryDr","isVerified":true,"isSuccess":false,"message":"Các lỗi khác (lỗi còn lại, không có trong danh sách mã lỗi đã liệt kê)","vnp_ResponseCode":"99","vnp_Message":"Các lỗi khác (lỗi còn lại, không có trong danh sách mã lỗi đã liệt kê)"}
[2025-07-24T00:21:20.014Z] [VNPAY][QUERY] Result: {"isVerified":true,"isSuccess":false,"message":"Các lỗi khác (lỗi còn lại, không có trong danh sách mã lỗi đã liệt kê)","vnp_ResponseCode":"99","vnp_Message":"Các lỗi khác (lỗi còn lại, không có trong danh sách mã lỗi đã liệt kê)"}
[2025-07-24T00:21:21.077Z] [VNPAY][QUERY] Requesting transaction: ORDER_1753316389685
[2025-07-24T00:21:21.130Z] [VNPAY LOG]: {"createdAt":"2025-07-24T00:21:21.128Z","method":"queryDr","isVerified":true,"isSuccess":false,"message":"Các lỗi khác (lỗi còn lại, không có trong danh sách mã lỗi đã liệt kê)","vnp_ResponseCode":"99","vnp_Message":"Các lỗi khác (lỗi còn lại, không có trong danh sách mã lỗi đã liệt kê)"}
[2025-07-24T00:21:21.131Z] [VNPAY][QUERY] Result: {"isVerified":true,"isSuccess":false,"message":"Các lỗi khác (lỗi còn lại, không có trong danh sách mã lỗi đã liệt kê)","vnp_ResponseCode":"99","vnp_Message":"Các lỗi khác (lỗi còn lại, không có trong danh sách mã lỗi đã liệt kê)"}
[2025-07-24T00:21:22.182Z] [VNPAY][QUERY] Requesting transaction: ORDER_1753316389685
[2025-07-24T00:21:22.230Z] [VNPAY LOG]: {"createdAt":"2025-07-24T00:21:22.230Z","method":"queryDr","isVerified":true,"isSuccess":false,"message":"Các lỗi khác (lỗi còn lại, không có trong danh sách mã lỗi đã liệt kê)","vnp_ResponseCode":"99","vnp_Message":"Các lỗi khác (lỗi còn lại, không có trong danh sách mã lỗi đã liệt kê)"}
[2025-07-24T00:21:22.230Z] [VNPAY][QUERY] Result: {"isVerified":true,"isSuccess":false,"message":"Các lỗi khác (lỗi còn lại, không có trong danh sách mã lỗi đã liệt kê)","vnp_ResponseCode":"99","vnp_Message":"Các lỗi khác (lỗi còn lại, không có trong danh sách mã lỗi đã liệt kê)"}
[2025-07-24T00:21:23.267Z] [VNPAY][QUERY] Requesting transaction: ORDER_1753316389685
[2025-07-24T00:21:23.319Z] [VNPAY LOG]: {"createdAt":"2025-07-24T00:21:23.318Z","method":"queryDr","isVerified":true,"isSuccess":false,"message":"Các lỗi khác (lỗi còn lại, không có trong danh sách mã lỗi đã liệt kê)","vnp_ResponseCode":"99","vnp_Message":"Các lỗi khác (lỗi còn lại, không có trong danh sách mã lỗi đã liệt kê)"}
[2025-07-24T00:21:23.319Z] [VNPAY][QUERY] Result: {"isVerified":true,"isSuccess":false,"message":"Các lỗi khác (lỗi còn lại, không có trong danh sách mã lỗi đã liệt kê)","vnp_ResponseCode":"99","vnp_Message":"Các lỗi khác (lỗi còn lại, không có trong danh sách mã lỗi đã liệt kê)"}
[2025-07-24T00:21:24.375Z] [VNPAY][QUERY] Requesting transaction: ORDER_1753316389685
[2025-07-24T00:21:24.431Z] [VNPAY LOG]: {"createdAt":"2025-07-24T00:21:24.429Z","method":"queryDr","isVerified":true,"isSuccess":false,"message":"Các lỗi khác (lỗi còn lại, không có trong danh sách mã lỗi đã liệt kê)","vnp_ResponseCode":"99","vnp_Message":"Các lỗi khác (lỗi còn lại, không có trong danh sách mã lỗi đã liệt kê)"}
[2025-07-24T00:21:24.432Z] [VNPAY][QUERY] Result: {"isVerified":true,"isSuccess":false,"message":"Các lỗi khác (lỗi còn lại, không có trong danh sách mã lỗi đã liệt kê)","vnp_ResponseCode":"99","vnp_Message":"Các lỗi khác (lỗi còn lại, không có trong danh sách mã lỗi đã liệt kê)"}
[2025-07-24T00:21:25.497Z] [VNPAY][QUERY] Requesting transaction: ORDER_1753316389685
[2025-07-24T00:21:25.546Z] [VNPAY LOG]: {"createdAt":"2025-07-24T00:21:25.545Z","method":"queryDr","isVerified":true,"isSuccess":false,"message":"Các lỗi khác (lỗi còn lại, không có trong danh sách mã lỗi đã liệt kê)","vnp_ResponseCode":"99","vnp_Message":"Các lỗi khác (lỗi còn lại, không có trong danh sách mã lỗi đã liệt kê)"}
[2025-07-24T00:21:25.546Z] [VNPAY][QUERY] Result: {"isVerified":true,"isSuccess":false,"message":"Các lỗi khác (lỗi còn lại, không có trong danh sách mã lỗi đã liệt kê)","vnp_ResponseCode":"99","vnp_Message":"Các lỗi khác (lỗi còn lại, không có trong danh sách mã lỗi đã liệt kê)"}
[2025-07-24T00:21:26.605Z] [VNPAY][QUERY] Requesting transaction: ORDER_1753316389685
[2025-07-24T00:21:26.654Z] [VNPAY LOG]: {"createdAt":"2025-07-24T00:21:26.654Z","method":"queryDr","isVerified":true,"isSuccess":false,"message":"Các lỗi khác (lỗi còn lại, không có trong danh sách mã lỗi đã liệt kê)","vnp_ResponseCode":"99","vnp_Message":"Các lỗi khác (lỗi còn lại, không có trong danh sách mã lỗi đã liệt kê)"}
[2025-07-24T00:21:26.655Z] [VNPAY][QUERY] Result: {"isVerified":true,"isSuccess":false,"message":"Các lỗi khác (lỗi còn lại, không có trong danh sách mã lỗi đã liệt kê)","vnp_ResponseCode":"99","vnp_Message":"Các lỗi khác (lỗi còn lại, không có trong danh sách mã lỗi đã liệt kê)"}
[2025-07-24T00:21:27.704Z] [VNPAY][QUERY] Requesting transaction: ORDER_1753316389685
[2025-07-24T00:21:27.760Z] [VNPAY LOG]: {"createdAt":"2025-07-24T00:21:27.760Z","method":"queryDr","isVerified":true,"isSuccess":false,"message":"Các lỗi khác (lỗi còn lại, không có trong danh sách mã lỗi đã liệt kê)","vnp_ResponseCode":"99","vnp_Message":"Các lỗi khác (lỗi còn lại, không có trong danh sách mã lỗi đã liệt kê)"}
[2025-07-24T00:21:27.761Z] [VNPAY][QUERY] Result: {"isVerified":true,"isSuccess":false,"message":"Các lỗi khác (lỗi còn lại, không có trong danh sách mã lỗi đã liệt kê)","vnp_ResponseCode":"99","vnp_Message":"Các lỗi khác (lỗi còn lại, không có trong danh sách mã lỗi đã liệt kê)"}
[2025-07-24T00:21:28.816Z] [VNPAY][QUERY] Requesting transaction: ORDER_1753316389685
[2025-07-24T00:21:28.865Z] [VNPAY LOG]: {"createdAt":"2025-07-24T00:21:28.865Z","method":"queryDr","isVerified":true,"isSuccess":false,"message":"Các lỗi khác (lỗi còn lại, không có trong danh sách mã lỗi đã liệt kê)","vnp_ResponseCode":"99","vnp_Message":"Các lỗi khác (lỗi còn lại, không có trong danh sách mã lỗi đã liệt kê)"}
[2025-07-24T00:21:28.865Z] [VNPAY][QUERY] Result: {"isVerified":true,"isSuccess":false,"message":"Các lỗi khác (lỗi còn lại, không có trong danh sách mã lỗi đã liệt kê)","vnp_ResponseCode":"99","vnp_Message":"Các lỗi khác (lỗi còn lại, không có trong danh sách mã lỗi đã liệt kê)"}
[2025-07-24T00:21:29.923Z] [VNPAY][QUERY] Requesting transaction: ORDER_1753316389685
[2025-07-24T00:21:29.980Z] [VNPAY LOG]: {"createdAt":"2025-07-24T00:21:29.980Z","method":"queryDr","isVerified":true,"isSuccess":false,"message":"Các lỗi khác (lỗi còn lại, không có trong danh sách mã lỗi đã liệt kê)","vnp_ResponseCode":"99","vnp_Message":"Các lỗi khác (lỗi còn lại, không có trong danh sách mã lỗi đã liệt kê)"}
[2025-07-24T00:21:29.981Z] [VNPAY][QUERY] Result: {"isVerified":true,"isSuccess":false,"message":"Các lỗi khác (lỗi còn lại, không có trong danh sách mã lỗi đã liệt kê)","vnp_ResponseCode":"99","vnp_Message":"Các lỗi khác (lỗi còn lại, không có trong danh sách mã lỗi đã liệt kê)"}
[2025-07-24T00:21:31.038Z] [VNPAY][QUERY] Requesting transaction: ORDER_1753316389685
[2025-07-24T00:21:31.090Z] [VNPAY LOG]: {"createdAt":"2025-07-24T00:21:31.089Z","method":"queryDr","isVerified":true,"isSuccess":false,"message":"Các lỗi khác (lỗi còn lại, không có trong danh sách mã lỗi đã liệt kê)","vnp_ResponseCode":"99","vnp_Message":"Các lỗi khác (lỗi còn lại, không có trong danh sách mã lỗi đã liệt kê)"}
[2025-07-24T00:21:31.092Z] [VNPAY][QUERY] Result: {"isVerified":true,"isSuccess":false,"message":"Các lỗi khác (lỗi còn lại, không có trong danh sách mã lỗi đã liệt kê)","vnp_ResponseCode":"99","vnp_Message":"Các lỗi khác (lỗi còn lại, không có trong danh sách mã lỗi đã liệt kê)"}
[2025-07-24T00:21:32.145Z] [VNPAY][QUERY] Requesting transaction: ORDER_1753316389685
[2025-07-24T00:21:32.195Z] [VNPAY LOG]: {"createdAt":"2025-07-24T00:21:32.195Z","method":"queryDr","isVerified":true,"isSuccess":false,"message":"Các lỗi khác (lỗi còn lại, không có trong danh sách mã lỗi đã liệt kê)","vnp_ResponseCode":"99","vnp_Message":"Các lỗi khác (lỗi còn lại, không có trong danh sách mã lỗi đã liệt kê)"}
[2025-07-24T00:21:32.196Z] [VNPAY][QUERY] Result: {"isVerified":true,"isSuccess":false,"message":"Các lỗi khác (lỗi còn lại, không có trong danh sách mã lỗi đã liệt kê)","vnp_ResponseCode":"99","vnp_Message":"Các lỗi khác (lỗi còn lại, không có trong danh sách mã lỗi đã liệt kê)"}
[2025-07-24T00:21:33.248Z] [VNPAY][QUERY] Requesting transaction: ORDER_1753316389685
[2025-07-24T00:21:33.304Z] [VNPAY LOG]: {"createdAt":"2025-07-24T00:21:33.303Z","method":"queryDr","isVerified":true,"isSuccess":false,"message":"Các lỗi khác (lỗi còn lại, không có trong danh sách mã lỗi đã liệt kê)","vnp_ResponseCode":"99","vnp_Message":"Các lỗi khác (lỗi còn lại, không có trong danh sách mã lỗi đã liệt kê)"}
[2025-07-24T00:21:33.305Z] [VNPAY][QUERY] Result: {"isVerified":true,"isSuccess":false,"message":"Các lỗi khác (lỗi còn lại, không có trong danh sách mã lỗi đã liệt kê)","vnp_ResponseCode":"99","vnp_Message":"Các lỗi khác (lỗi còn lại, không có trong danh sách mã lỗi đã liệt kê)"}
[2025-07-24T00:21:34.365Z] [VNPAY][QUERY] Requesting transaction: ORDER_1753316389685
[2025-07-24T00:21:34.414Z] [VNPAY LOG]: {"createdAt":"2025-07-24T00:21:34.414Z","method":"queryDr","isVerified":true,"isSuccess":false,"message":"Các lỗi khác (lỗi còn lại, không có trong danh sách mã lỗi đã liệt kê)","vnp_ResponseCode":"99","vnp_Message":"Các lỗi khác (lỗi còn lại, không có trong danh sách mã lỗi đã liệt kê)"}
[2025-07-24T00:21:34.415Z] [VNPAY][QUERY] Result: {"isVerified":true,"isSuccess":false,"message":"Các lỗi khác (lỗi còn lại, không có trong danh sách mã lỗi đã liệt kê)","vnp_ResponseCode":"99","vnp_Message":"Các lỗi khác (lỗi còn lại, không có trong danh sách mã lỗi đã liệt kê)"}
[2025-07-24T00:21:35.465Z] [VNPAY][QUERY] Requesting transaction: ORDER_1753316389685
[2025-07-24T00:21:35.524Z] [VNPAY LOG]: {"createdAt":"2025-07-24T00:21:35.524Z","method":"queryDr","isVerified":true,"isSuccess":false,"message":"Các lỗi khác (lỗi còn lại, không có trong danh sách mã lỗi đã liệt kê)","vnp_ResponseCode":"99","vnp_Message":"Các lỗi khác (lỗi còn lại, không có trong danh sách mã lỗi đã liệt kê)"}
[2025-07-24T00:21:35.525Z] [VNPAY][QUERY] Result: {"isVerified":true,"isSuccess":false,"message":"Các lỗi khác (lỗi còn lại, không có trong danh sách mã lỗi đã liệt kê)","vnp_ResponseCode":"99","vnp_Message":"Các lỗi khác (lỗi còn lại, không có trong danh sách mã lỗi đã liệt kê)"}
[2025-07-24T00:21:48.259Z] [VNPAY][QUERY] Requesting transaction: ORDER_1753316389685
[2025-07-24T00:21:48.398Z] [VNPAY LOG]: {"createdAt":"2025-07-24T00:21:48.397Z","method":"queryDr","isVerified":true,"isSuccess":false,"message":"Các lỗi khác (lỗi còn lại, không có trong danh sách mã lỗi đã liệt kê)","vnp_ResponseCode":"99","vnp_Message":"Các lỗi khác (lỗi còn lại, không có trong danh sách mã lỗi đã liệt kê)"}
[2025-07-24T00:21:48.398Z] [VNPAY][QUERY] Result: {"isVerified":true,"isSuccess":false,"message":"Các lỗi khác (lỗi còn lại, không có trong danh sách mã lỗi đã liệt kê)","vnp_ResponseCode":"99","vnp_Message":"Các lỗi khác (lỗi còn lại, không có trong danh sách mã lỗi đã liệt kê)"}
[2025-07-24T00:21:49.522Z] [VNPAY][QUERY] Requesting transaction: ORDER_1753316389685
[2025-07-24T00:21:49.569Z] [VNPAY LOG]: {"createdAt":"2025-07-24T00:21:49.568Z","method":"queryDr","isVerified":true,"isSuccess":false,"message":"Các lỗi khác (lỗi còn lại, không có trong danh sách mã lỗi đã liệt kê)","vnp_ResponseCode":"99","vnp_Message":"Các lỗi khác (lỗi còn lại, không có trong danh sách mã lỗi đã liệt kê)"}
[2025-07-24T00:21:49.569Z] [VNPAY][QUERY] Result: {"isVerified":true,"isSuccess":false,"message":"Các lỗi khác (lỗi còn lại, không có trong danh sách mã lỗi đã liệt kê)","vnp_ResponseCode":"99","vnp_Message":"Các lỗi khác (lỗi còn lại, không có trong danh sách mã lỗi đã liệt kê)"}
[2025-07-24T00:21:50.624Z] [VNPAY][QUERY] Requesting transaction: ORDER_1753316389685
[2025-07-24T00:21:50.676Z] [VNPAY LOG]: {"createdAt":"2025-07-24T00:21:50.675Z","method":"queryDr","isVerified":true,"isSuccess":false,"message":"Các lỗi khác (lỗi còn lại, không có trong danh sách mã lỗi đã liệt kê)","vnp_ResponseCode":"99","vnp_Message":"Các lỗi khác (lỗi còn lại, không có trong danh sách mã lỗi đã liệt kê)"}
[2025-07-24T00:21:50.677Z] [VNPAY][QUERY] Result: {"isVerified":true,"isSuccess":false,"message":"Các lỗi khác (lỗi còn lại, không có trong danh sách mã lỗi đã liệt kê)","vnp_ResponseCode":"99","vnp_Message":"Các lỗi khác (lỗi còn lại, không có trong danh sách mã lỗi đã liệt kê)"}
[2025-07-24T00:21:51.731Z] [VNPAY][QUERY] Requesting transaction: ORDER_1753316389685
[2025-07-24T00:21:51.780Z] [VNPAY LOG]: {"createdAt":"2025-07-24T00:21:51.780Z","method":"queryDr","isVerified":true,"isSuccess":false,"message":"Các lỗi khác (lỗi còn lại, không có trong danh sách mã lỗi đã liệt kê)","vnp_ResponseCode":"99","vnp_Message":"Các lỗi khác (lỗi còn lại, không có trong danh sách mã lỗi đã liệt kê)"}
[2025-07-24T00:21:51.781Z] [VNPAY][QUERY] Result: {"isVerified":true,"isSuccess":false,"message":"Các lỗi khác (lỗi còn lại, không có trong danh sách mã lỗi đã liệt kê)","vnp_ResponseCode":"99","vnp_Message":"Các lỗi khác (lỗi còn lại, không có trong danh sách mã lỗi đã liệt kê)"}
[2025-07-24T00:21:52.817Z] [VNPAY][QUERY] Requesting transaction: ORDER_1753316389685
[2025-07-24T00:21:52.869Z] [VNPAY LOG]: {"createdAt":"2025-07-24T00:21:52.867Z","method":"queryDr","isVerified":true,"isSuccess":false,"message":"Các lỗi khác (lỗi còn lại, không có trong danh sách mã lỗi đã liệt kê)","vnp_ResponseCode":"99","vnp_Message":"Các lỗi khác (lỗi còn lại, không có trong danh sách mã lỗi đã liệt kê)"}
[2025-07-24T00:21:52.871Z] [VNPAY][QUERY] Result: {"isVerified":true,"isSuccess":false,"message":"Các lỗi khác (lỗi còn lại, không có trong danh sách mã lỗi đã liệt kê)","vnp_ResponseCode":"99","vnp_Message":"Các lỗi khác (lỗi còn lại, không có trong danh sách mã lỗi đã liệt kê)"}
[2025-07-24T00:21:53.932Z] [VNPAY][QUERY] Requesting transaction: ORDER_1753316389685
[2025-07-24T00:21:53.978Z] [VNPAY LOG]: {"createdAt":"2025-07-24T00:21:53.978Z","method":"queryDr","isVerified":true,"isSuccess":false,"message":"Các lỗi khác (lỗi còn lại, không có trong danh sách mã lỗi đã liệt kê)","vnp_ResponseCode":"99","vnp_Message":"Các lỗi khác (lỗi còn lại, không có trong danh sách mã lỗi đã liệt kê)"}
[2025-07-24T00:21:53.979Z] [VNPAY][QUERY] Result: {"isVerified":true,"isSuccess":false,"message":"Các lỗi khác (lỗi còn lại, không có trong danh sách mã lỗi đã liệt kê)","vnp_ResponseCode":"99","vnp_Message":"Các lỗi khác (lỗi còn lại, không có trong danh sách mã lỗi đã liệt kê)"}
[2025-07-24T00:21:55.037Z] [VNPAY][QUERY] Requesting transaction: ORDER_1753316389685
[2025-07-24T00:21:55.084Z] [VNPAY LOG]: {"createdAt":"2025-07-24T00:21:55.084Z","method":"queryDr","isVerified":true,"isSuccess":false,"message":"Các lỗi khác (lỗi còn lại, không có trong danh sách mã lỗi đã liệt kê)","vnp_ResponseCode":"99","vnp_Message":"Các lỗi khác (lỗi còn lại, không có trong danh sách mã lỗi đã liệt kê)"}
[2025-07-24T00:21:55.084Z] [VNPAY][QUERY] Result: {"isVerified":true,"isSuccess":false,"message":"Các lỗi khác (lỗi còn lại, không có trong danh sách mã lỗi đã liệt kê)","vnp_ResponseCode":"99","vnp_Message":"Các lỗi khác (lỗi còn lại, không có trong danh sách mã lỗi đã liệt kê)"}
[2025-07-24T00:21:56.130Z] [VNPAY][QUERY] Requesting transaction: ORDER_1753316389685
[2025-07-24T00:21:56.177Z] [VNPAY LOG]: {"createdAt":"2025-07-24T00:21:56.176Z","method":"queryDr","isVerified":true,"isSuccess":false,"message":"Các lỗi khác (lỗi còn lại, không có trong danh sách mã lỗi đã liệt kê)","vnp_ResponseCode":"99","vnp_Message":"Các lỗi khác (lỗi còn lại, không có trong danh sách mã lỗi đã liệt kê)"}
[2025-07-24T00:21:56.178Z] [VNPAY][QUERY] Result: {"isVerified":true,"isSuccess":false,"message":"Các lỗi khác (lỗi còn lại, không có trong danh sách mã lỗi đã liệt kê)","vnp_ResponseCode":"99","vnp_Message":"Các lỗi khác (lỗi còn lại, không có trong danh sách mã lỗi đã liệt kê)"}
[2025-07-24T00:21:57.226Z] [VNPAY][QUERY] Requesting transaction: ORDER_1753316389685
[2025-07-24T00:21:57.288Z] [VNPAY LOG]: {"createdAt":"2025-07-24T00:21:57.287Z","method":"queryDr","isVerified":true,"isSuccess":false,"message":"Các lỗi khác (lỗi còn lại, không có trong danh sách mã lỗi đã liệt kê)","vnp_ResponseCode":"99","vnp_Message":"Các lỗi khác (lỗi còn lại, không có trong danh sách mã lỗi đã liệt kê)"}
[2025-07-24T00:21:57.289Z] [VNPAY][QUERY] Result: {"isVerified":true,"isSuccess":false,"message":"Các lỗi khác (lỗi còn lại, không có trong danh sách mã lỗi đã liệt kê)","vnp_ResponseCode":"99","vnp_Message":"Các lỗi khác (lỗi còn lại, không có trong danh sách mã lỗi đã liệt kê)"}
[2025-07-24T03:06:26.012Z] [VNPAY][QUERY] Requesting transaction: ORDER_1753316389685
[2025-07-24T03:06:26.247Z] [VNPAY LOG]: {"createdAt":"2025-07-24T03:06:26.247Z","method":"queryDr","isVerified":true,"isSuccess":false,"message":"Các lỗi khác (lỗi còn lại, không có trong danh sách mã lỗi đã liệt kê)","vnp_ResponseCode":"99","vnp_Message":"Các lỗi khác (lỗi còn lại, không có trong danh sách mã lỗi đã liệt kê)"}
[2025-07-24T03:06:26.247Z] [VNPAY][QUERY] Result: {"isVerified":true,"isSuccess":false,"message":"Các lỗi khác (lỗi còn lại, không có trong danh sách mã lỗi đã liệt kê)","vnp_ResponseCode":"99","vnp_Message":"Các lỗi khác (lỗi còn lại, không có trong danh sách mã lỗi đã liệt kê)"}
[2025-07-24T03:06:27.421Z] [VNPAY][QUERY] Requesting transaction: ORDER_1753316389685
[2025-07-24T03:06:27.481Z] [VNPAY LOG]: {"createdAt":"2025-07-24T03:06:27.478Z","method":"queryDr","isVerified":true,"isSuccess":false,"message":"Các lỗi khác (lỗi còn lại, không có trong danh sách mã lỗi đã liệt kê)","vnp_ResponseCode":"99","vnp_Message":"Các lỗi khác (lỗi còn lại, không có trong danh sách mã lỗi đã liệt kê)"}
[2025-07-24T03:06:27.483Z] [VNPAY][QUERY] Result: {"isVerified":true,"isSuccess":false,"message":"Các lỗi khác (lỗi còn lại, không có trong danh sách mã lỗi đã liệt kê)","vnp_ResponseCode":"99","vnp_Message":"Các lỗi khác (lỗi còn lại, không có trong danh sách mã lỗi đã liệt kê)"}
[2025-07-24T03:06:36.103Z] [VNPAY][CREATE] Request: {"amount":949000,"orderInfo":"Thanh toán đơn hàng #1753326394602","returnUrl":"http://192.168.100.246:8081/payment-callback"}
[2025-07-24T03:06:36.103Z] [VNPAY LOG]: {"createdAt":"2025-07-24T03:06:36.103Z","method":"buildPaymentUrl","paymentUrl":"https://sandbox.vnpayment.vn/paymentv2/vpcpay.html?vnp_Amount=9490000000&vnp_Command=pay&vnp_CreateDate=20250724170636&vnp_CurrCode=VND&vnp_IpAddr=%3A%3Affff%3A192.168.100.246&vnp_Locale=vn&vnp_OrderInfo=Thanh+to%C3%A1n+%C4%91%C6%A1n+h%C3%A0ng+%231753326394602&vnp_OrderType=other&vnp_ReturnUrl=http%3A%2F%2F192.168.100.246%3A8081%2Fpayment-callback&vnp_TmnCode=ROJ5KGHQ&vnp_TxnRef=ORDER_1753326396103&vnp_Version=2.1.0","vnp_TmnCode":"ROJ5KGHQ","vnp_Version":"2.1.0","vnp_CurrCode":"VND","vnp_Locale":"vn","vnp_Command":"pay","vnp_OrderType":"other","vnp_Amount":9490000000,"vnp_IpAddr":"::ffff:192.168.100.246","vnp_ReturnUrl":"http://192.168.100.246:8081/payment-callback","vnp_TxnRef":"ORDER_1753326396103","vnp_OrderInfo":"Thanh toán đơn hàng #1753326394602","vnp_CreateDate":20250724170636}
[2025-07-24T03:06:36.104Z] [VNPAY][CREATE] Payment URL: https://sandbox.vnpayment.vn/paymentv2/vpcpay.html?vnp_Amount=9490000000&vnp_Command=pay&vnp_CreateDate=20250724170636&vnp_CurrCode=VND&vnp_IpAddr=%3A%3Affff%3A192.168.100.246&vnp_Locale=vn&vnp_OrderInfo=Thanh+to%C3%A1n+%C4%91%C6%A1n+h%C3%A0ng+%231753326394602&vnp_OrderType=other&vnp_ReturnUrl=http%3A%2F%2F192.168.100.246%3A8081%2Fpayment-callback&vnp_TmnCode=ROJ5KGHQ&vnp_TxnRef=ORDER_1753326396103&vnp_Version=2.1.0&vnp_SecureHash=3e91d90396eac6915047f162371b05736b83f59ee3f4cfb7ea6d99345e6d99f1db68502f5c40845ee5b3ee89d72ceb3ce12bf91c3fa1da1298ce345abd348d6a
[2025-07-24T03:06:36.172Z] [VNPAY][QUERY] Requesting transaction: ORDER_1753326396103
[2025-07-24T03:06:36.307Z] [VNPAY LOG]: {"createdAt":"2025-07-24T03:06:36.306Z","method":"queryDr","isVerified":true,"isSuccess":false,"message":"Các lỗi khác (lỗi còn lại, không có trong danh sách mã lỗi đã liệt kê)","vnp_ResponseCode":"99","vnp_Message":"Các lỗi khác (lỗi còn lại, không có trong danh sách mã lỗi đã liệt kê)"}
[2025-07-24T03:06:36.307Z] [VNPAY][QUERY] Result: {"isVerified":true,"isSuccess":false,"message":"Các lỗi khác (lỗi còn lại, không có trong danh sách mã lỗi đã liệt kê)","vnp_ResponseCode":"99","vnp_Message":"Các lỗi khác (lỗi còn lại, không có trong danh sách mã lỗi đã liệt kê)"}
[2025-07-24T03:11:12.720Z] [VNPAY][QUERY] Requesting transaction: ORDER_1753326396103
[2025-07-24T03:11:12.883Z] [VNPAY LOG]: {"createdAt":"2025-07-24T03:11:12.883Z","method":"queryDr","isVerified":true,"isSuccess":false,"message":"Các lỗi khác (lỗi còn lại, không có trong danh sách mã lỗi đã liệt kê)","vnp_ResponseCode":"99","vnp_Message":"Các lỗi khác (lỗi còn lại, không có trong danh sách mã lỗi đã liệt kê)"}
[2025-07-24T03:11:12.884Z] [VNPAY][QUERY] Result: {"isVerified":true,"isSuccess":false,"message":"Các lỗi khác (lỗi còn lại, không có trong danh sách mã lỗi đã liệt kê)","vnp_ResponseCode":"99","vnp_Message":"Các lỗi khác (lỗi còn lại, không có trong danh sách mã lỗi đã liệt kê)"}
[2025-07-24T03:11:13.934Z] [VNPAY][QUERY] Requesting transaction: ORDER_1753326396103
[2025-07-24T03:11:13.980Z] [VNPAY LOG]: {"createdAt":"2025-07-24T03:11:13.979Z","method":"queryDr","isVerified":true,"isSuccess":false,"message":"Các lỗi khác (lỗi còn lại, không có trong danh sách mã lỗi đã liệt kê)","vnp_ResponseCode":"99","vnp_Message":"Các lỗi khác (lỗi còn lại, không có trong danh sách mã lỗi đã liệt kê)"}
[2025-07-24T03:11:13.980Z] [VNPAY][QUERY] Result: {"isVerified":true,"isSuccess":false,"message":"Các lỗi khác (lỗi còn lại, không có trong danh sách mã lỗi đã liệt kê)","vnp_ResponseCode":"99","vnp_Message":"Các lỗi khác (lỗi còn lại, không có trong danh sách mã lỗi đã liệt kê)"}
[2025-07-24T03:11:14.495Z] [VNPAY][CREATE] Request: {"amount":949000,"orderInfo":"Thanh toán đơn hàng #1753326394602","returnUrl":"http://192.168.100.246:8081/payment-callback"}
[2025-07-24T03:11:14.496Z] [VNPAY LOG]: {"createdAt":"2025-07-24T03:11:14.496Z","method":"buildPaymentUrl","paymentUrl":"https://sandbox.vnpayment.vn/paymentv2/vpcpay.html?vnp_Amount=9490000000&vnp_Command=pay&vnp_CreateDate=20250724171114&vnp_CurrCode=VND&vnp_IpAddr=%3A%3Affff%3A192.168.100.246&vnp_Locale=vn&vnp_OrderInfo=Thanh+to%C3%A1n+%C4%91%C6%A1n+h%C3%A0ng+%231753326394602&vnp_OrderType=other&vnp_ReturnUrl=http%3A%2F%2F192.168.100.246%3A8081%2Fpayment-callback&vnp_TmnCode=ROJ5KGHQ&vnp_TxnRef=ORDER_1753326674495&vnp_Version=2.1.0","vnp_TmnCode":"ROJ5KGHQ","vnp_Version":"2.1.0","vnp_CurrCode":"VND","vnp_Locale":"vn","vnp_Command":"pay","vnp_OrderType":"other","vnp_Amount":9490000000,"vnp_IpAddr":"::ffff:192.168.100.246","vnp_ReturnUrl":"http://192.168.100.246:8081/payment-callback","vnp_TxnRef":"ORDER_1753326674495","vnp_OrderInfo":"Thanh toán đơn hàng #1753326394602","vnp_CreateDate":20250724171114}
[2025-07-24T03:11:14.496Z] [VNPAY][CREATE] Payment URL: https://sandbox.vnpayment.vn/paymentv2/vpcpay.html?vnp_Amount=9490000000&vnp_Command=pay&vnp_CreateDate=20250724171114&vnp_CurrCode=VND&vnp_IpAddr=%3A%3Affff%3A192.168.100.246&vnp_Locale=vn&vnp_OrderInfo=Thanh+to%C3%A1n+%C4%91%C6%A1n+h%C3%A0ng+%231753326394602&vnp_OrderType=other&vnp_ReturnUrl=http%3A%2F%2F192.168.100.246%3A8081%2Fpayment-callback&vnp_TmnCode=ROJ5KGHQ&vnp_TxnRef=ORDER_1753326674495&vnp_Version=2.1.0&vnp_SecureHash=7e14664eee01af6d1d890eb5979d4b2776243f6bd25ea0fbaca18656f30c62f8a69a92c55ab5f176366e3db1d6c273318c00c794dab01b31217b36ae46b1069e
[2025-07-24T03:11:14.575Z] [VNPAY][QUERY] Requesting transaction: ORDER_1753326674495
[2025-07-24T03:11:14.628Z] [VNPAY LOG]: {"createdAt":"2025-07-24T03:11:14.626Z","method":"queryDr","isVerified":true,"isSuccess":false,"message":"Các lỗi khác (lỗi còn lại, không có trong danh sách mã lỗi đã liệt kê)","vnp_ResponseCode":"99","vnp_Message":"Các lỗi khác (lỗi còn lại, không có trong danh sách mã lỗi đã liệt kê)"}
[2025-07-24T03:11:14.628Z] [VNPAY][QUERY] Result: {"isVerified":true,"isSuccess":false,"message":"Các lỗi khác (lỗi còn lại, không có trong danh sách mã lỗi đã liệt kê)","vnp_ResponseCode":"99","vnp_Message":"Các lỗi khác (lỗi còn lại, không có trong danh sách mã lỗi đã liệt kê)"}
[2025-07-24T03:11:18.325Z] [VNPAY][QUERY] Requesting transaction: ORDER_1753326396103
[2025-07-24T03:11:18.370Z] [VNPAY LOG]: {"createdAt":"2025-07-24T03:11:18.370Z","method":"queryDr","isVerified":true,"isSuccess":false,"message":"Các lỗi khác (lỗi còn lại, không có trong danh sách mã lỗi đã liệt kê)","vnp_ResponseCode":"99","vnp_Message":"Các lỗi khác (lỗi còn lại, không có trong danh sách mã lỗi đã liệt kê)"}
[2025-07-24T03:11:18.371Z] [VNPAY][QUERY] Result: {"isVerified":true,"isSuccess":false,"message":"Các lỗi khác (lỗi còn lại, không có trong danh sách mã lỗi đã liệt kê)","vnp_ResponseCode":"99","vnp_Message":"Các lỗi khác (lỗi còn lại, không có trong danh sách mã lỗi đã liệt kê)"}
[2025-07-24T03:11:19.328Z] [VNPAY][QUERY] Requesting transaction: ORDER_1753326674495
[2025-07-24T03:11:19.375Z] [VNPAY LOG]: {"createdAt":"2025-07-24T03:11:19.374Z","method":"queryDr","isVerified":true,"isSuccess":false,"message":"Các lỗi khác (lỗi còn lại, không có trong danh sách mã lỗi đã liệt kê)","vnp_ResponseCode":"99","vnp_Message":"Các lỗi khác (lỗi còn lại, không có trong danh sách mã lỗi đã liệt kê)"}
[2025-07-24T03:11:19.375Z] [VNPAY][QUERY] Result: {"isVerified":true,"isSuccess":false,"message":"Các lỗi khác (lỗi còn lại, không có trong danh sách mã lỗi đã liệt kê)","vnp_ResponseCode":"99","vnp_Message":"Các lỗi khác (lỗi còn lại, không có trong danh sách mã lỗi đã liệt kê)"}
[2025-07-24T03:11:19.478Z] [VNPAY][QUERY] Requesting transaction: ORDER_1753326396103
[2025-07-24T03:11:19.524Z] [VNPAY LOG]: {"createdAt":"2025-07-24T03:11:19.523Z","method":"queryDr","isVerified":true,"isSuccess":false,"message":"Các lỗi khác (lỗi còn lại, không có trong danh sách mã lỗi đã liệt kê)","vnp_ResponseCode":"99","vnp_Message":"Các lỗi khác (lỗi còn lại, không có trong danh sách mã lỗi đã liệt kê)"}
[2025-07-24T03:11:19.525Z] [VNPAY][QUERY] Result: {"isVerified":true,"isSuccess":false,"message":"Các lỗi khác (lỗi còn lại, không có trong danh sách mã lỗi đã liệt kê)","vnp_ResponseCode":"99","vnp_Message":"Các lỗi khác (lỗi còn lại, không có trong danh sách mã lỗi đã liệt kê)"}
[2025-07-24T03:11:20.432Z] [VNPAY][QUERY] Requesting transaction: ORDER_1753326674495
[2025-07-24T03:11:20.481Z] [VNPAY LOG]: {"createdAt":"2025-07-24T03:11:20.479Z","method":"queryDr","isVerified":true,"isSuccess":false,"message":"Các lỗi khác (lỗi còn lại, không có trong danh sách mã lỗi đã liệt kê)","vnp_ResponseCode":"99","vnp_Message":"Các lỗi khác (lỗi còn lại, không có trong danh sách mã lỗi đã liệt kê)"}
[2025-07-24T03:11:20.482Z] [VNPAY][QUERY] Result: {"isVerified":true,"isSuccess":false,"message":"Các lỗi khác (lỗi còn lại, không có trong danh sách mã lỗi đã liệt kê)","vnp_ResponseCode":"99","vnp_Message":"Các lỗi khác (lỗi còn lại, không có trong danh sách mã lỗi đã liệt kê)"}
[2025-07-24T03:11:21.532Z] [VNPAY][QUERY] Requesting transaction: ORDER_1753326674495
[2025-07-24T03:11:21.579Z] [VNPAY LOG]: {"createdAt":"2025-07-24T03:11:21.578Z","method":"queryDr","isVerified":true,"isSuccess":false,"message":"Các lỗi khác (lỗi còn lại, không có trong danh sách mã lỗi đã liệt kê)","vnp_ResponseCode":"99","vnp_Message":"Các lỗi khác (lỗi còn lại, không có trong danh sách mã lỗi đã liệt kê)"}
[2025-07-24T03:11:21.579Z] [VNPAY][QUERY] Result: {"isVerified":true,"isSuccess":false,"message":"Các lỗi khác (lỗi còn lại, không có trong danh sách mã lỗi đã liệt kê)","vnp_ResponseCode":"99","vnp_Message":"Các lỗi khác (lỗi còn lại, không có trong danh sách mã lỗi đã liệt kê)"}
[2025-07-24T03:11:22.639Z] [VNPAY][QUERY] Requesting transaction: ORDER_1753326674495
[2025-07-24T03:11:22.690Z] [VNPAY LOG]: {"createdAt":"2025-07-24T03:11:22.689Z","method":"queryDr","isVerified":true,"isSuccess":false,"message":"Các lỗi khác (lỗi còn lại, không có trong danh sách mã lỗi đã liệt kê)","vnp_ResponseCode":"99","vnp_Message":"Các lỗi khác (lỗi còn lại, không có trong danh sách mã lỗi đã liệt kê)"}
[2025-07-24T03:11:22.691Z] [VNPAY][QUERY] Result: {"isVerified":true,"isSuccess":false,"message":"Các lỗi khác (lỗi còn lại, không có trong danh sách mã lỗi đã liệt kê)","vnp_ResponseCode":"99","vnp_Message":"Các lỗi khác (lỗi còn lại, không có trong danh sách mã lỗi đã liệt kê)"}
[2025-07-24T03:11:47.828Z] [VNPAY][CREATE] Request: {"amount":949000,"orderInfo":"Thanh toán đơn hàng #1753326394602","returnUrl":"http://192.168.100.246:8081/payment-callback"}
[2025-07-24T03:11:47.829Z] [VNPAY LOG]: {"createdAt":"2025-07-24T03:11:47.829Z","method":"buildPaymentUrl","paymentUrl":"https://sandbox.vnpayment.vn/paymentv2/vpcpay.html?vnp_Amount=9490000000&vnp_Command=pay&vnp_CreateDate=20250724171147&vnp_CurrCode=VND&vnp_IpAddr=%3A%3Affff%3A192.168.100.246&vnp_Locale=vn&vnp_OrderInfo=Thanh+to%C3%A1n+%C4%91%C6%A1n+h%C3%A0ng+%231753326394602&vnp_OrderType=other&vnp_ReturnUrl=http%3A%2F%2F192.168.100.246%3A8081%2Fpayment-callback&vnp_TmnCode=ROJ5KGHQ&vnp_TxnRef=ORDER_1753326707828&vnp_Version=2.1.0","vnp_TmnCode":"ROJ5KGHQ","vnp_Version":"2.1.0","vnp_CurrCode":"VND","vnp_Locale":"vn","vnp_Command":"pay","vnp_OrderType":"other","vnp_Amount":9490000000,"vnp_IpAddr":"::ffff:192.168.100.246","vnp_ReturnUrl":"http://192.168.100.246:8081/payment-callback","vnp_TxnRef":"ORDER_1753326707828","vnp_OrderInfo":"Thanh toán đơn hàng #1753326394602","vnp_CreateDate":20250724171147}
[2025-07-24T03:11:47.829Z] [VNPAY][CREATE] Payment URL: https://sandbox.vnpayment.vn/paymentv2/vpcpay.html?vnp_Amount=9490000000&vnp_Command=pay&vnp_CreateDate=20250724171147&vnp_CurrCode=VND&vnp_IpAddr=%3A%3Affff%3A192.168.100.246&vnp_Locale=vn&vnp_OrderInfo=Thanh+to%C3%A1n+%C4%91%C6%A1n+h%C3%A0ng+%231753326394602&vnp_OrderType=other&vnp_ReturnUrl=http%3A%2F%2F192.168.100.246%3A8081%2Fpayment-callback&vnp_TmnCode=ROJ5KGHQ&vnp_TxnRef=ORDER_1753326707828&vnp_Version=2.1.0&vnp_SecureHash=71658961eef69dec572d868af32e397999e02ab5ddbeda0f553b21bf523f5f795a82227703c30f6d5824199b257c82ddcc9b1f06cd7dc7332b5bc8ae7c09e220
[2025-07-24T03:11:47.880Z] [VNPAY][QUERY] Requesting transaction: ORDER_1753326707828
[2025-07-24T03:11:48.102Z] [VNPAY LOG]: {"createdAt":"2025-07-24T03:11:48.101Z","method":"queryDr","isVerified":true,"isSuccess":false,"message":"Các lỗi khác (lỗi còn lại, không có trong danh sách mã lỗi đã liệt kê)","vnp_ResponseCode":"99","vnp_Message":"Các lỗi khác (lỗi còn lại, không có trong danh sách mã lỗi đã liệt kê)"}
[2025-07-24T03:11:48.102Z] [VNPAY][QUERY] Result: {"isVerified":true,"isSuccess":false,"message":"Các lỗi khác (lỗi còn lại, không có trong danh sách mã lỗi đã liệt kê)","vnp_ResponseCode":"99","vnp_Message":"Các lỗi khác (lỗi còn lại, không có trong danh sách mã lỗi đã liệt kê)"}
[2025-07-24T03:12:30.428Z] [VNPAY][CREATE] Request: {"amount":949000,"orderInfo":"Thanh toán đơn hàng #1753326749792","returnUrl":"http://192.168.100.246:8081/payment-callback"}
[2025-07-24T03:12:30.429Z] [VNPAY LOG]: {"createdAt":"2025-07-24T03:12:30.429Z","method":"buildPaymentUrl","paymentUrl":"https://sandbox.vnpayment.vn/paymentv2/vpcpay.html?vnp_Amount=9490000000&vnp_Command=pay&vnp_CreateDate=20250724171230&vnp_CurrCode=VND&vnp_IpAddr=%3A%3Affff%3A192.168.100.246&vnp_Locale=vn&vnp_OrderInfo=Thanh+to%C3%A1n+%C4%91%C6%A1n+h%C3%A0ng+%231753326749792&vnp_OrderType=other&vnp_ReturnUrl=http%3A%2F%2F192.168.100.246%3A8081%2Fpayment-callback&vnp_TmnCode=ROJ5KGHQ&vnp_TxnRef=ORDER_1753326750428&vnp_Version=2.1.0","vnp_TmnCode":"ROJ5KGHQ","vnp_Version":"2.1.0","vnp_CurrCode":"VND","vnp_Locale":"vn","vnp_Command":"pay","vnp_OrderType":"other","vnp_Amount":9490000000,"vnp_IpAddr":"::ffff:192.168.100.246","vnp_ReturnUrl":"http://192.168.100.246:8081/payment-callback","vnp_TxnRef":"ORDER_1753326750428","vnp_OrderInfo":"Thanh toán đơn hàng #1753326749792","vnp_CreateDate":20250724171230}
[2025-07-24T03:12:30.430Z] [VNPAY][CREATE] Payment URL: https://sandbox.vnpayment.vn/paymentv2/vpcpay.html?vnp_Amount=9490000000&vnp_Command=pay&vnp_CreateDate=20250724171230&vnp_CurrCode=VND&vnp_IpAddr=%3A%3Affff%3A192.168.100.246&vnp_Locale=vn&vnp_OrderInfo=Thanh+to%C3%A1n+%C4%91%C6%A1n+h%C3%A0ng+%231753326749792&vnp_OrderType=other&vnp_ReturnUrl=http%3A%2F%2F192.168.100.246%3A8081%2Fpayment-callback&vnp_TmnCode=ROJ5KGHQ&vnp_TxnRef=ORDER_1753326750428&vnp_Version=2.1.0&vnp_SecureHash=35d4d59c3ecdf73a86f28373827c1d6518d979ede5b486cfb30da086cfca7485fc97f62069fcffdc553f51d1a4c167ba771091a208e9810df4ee631189224930
[2025-07-24T03:12:30.518Z] [VNPAY][QUERY] Requesting transaction: ORDER_1753326750428
[2025-07-24T03:12:30.655Z] [VNPAY LOG]: {"createdAt":"2025-07-24T03:12:30.655Z","method":"queryDr","isVerified":true,"isSuccess":false,"message":"Các lỗi khác (lỗi còn lại, không có trong danh sách mã lỗi đã liệt kê)","vnp_ResponseCode":"99","vnp_Message":"Các lỗi khác (lỗi còn lại, không có trong danh sách mã lỗi đã liệt kê)"}
[2025-07-24T03:12:30.655Z] [VNPAY][QUERY] Result: {"isVerified":true,"isSuccess":false,"message":"Các lỗi khác (lỗi còn lại, không có trong danh sách mã lỗi đã liệt kê)","vnp_ResponseCode":"99","vnp_Message":"Các lỗi khác (lỗi còn lại, không có trong danh sách mã lỗi đã liệt kê)"}
[2025-07-24T03:13:14.493Z] [VNPAY][QUERY] Requesting transaction: ORDER_1753326750428
[2025-07-24T03:13:14.654Z] [VNPAY LOG]: {"createdAt":"2025-07-24T03:13:14.654Z","method":"queryDr","isVerified":true,"isSuccess":false,"message":"Các lỗi khác (lỗi còn lại, không có trong danh sách mã lỗi đã liệt kê)","vnp_ResponseCode":"99","vnp_Message":"Các lỗi khác (lỗi còn lại, không có trong danh sách mã lỗi đã liệt kê)"}
[2025-07-24T03:13:14.655Z] [VNPAY][QUERY] Result: {"isVerified":true,"isSuccess":false,"message":"Các lỗi khác (lỗi còn lại, không có trong danh sách mã lỗi đã liệt kê)","vnp_ResponseCode":"99","vnp_Message":"Các lỗi khác (lỗi còn lại, không có trong danh sách mã lỗi đã liệt kê)"}
[2025-07-24T03:13:15.711Z] [VNPAY][QUERY] Requesting transaction: ORDER_1753326750428
[2025-07-24T03:13:15.764Z] [VNPAY LOG]: {"createdAt":"2025-07-24T03:13:15.764Z","method":"queryDr","isVerified":true,"isSuccess":false,"message":"Các lỗi khác (lỗi còn lại, không có trong danh sách mã lỗi đã liệt kê)","vnp_ResponseCode":"99","vnp_Message":"Các lỗi khác (lỗi còn lại, không có trong danh sách mã lỗi đã liệt kê)"}
[2025-07-24T03:13:15.765Z] [VNPAY][QUERY] Result: {"isVerified":true,"isSuccess":false,"message":"Các lỗi khác (lỗi còn lại, không có trong danh sách mã lỗi đã liệt kê)","vnp_ResponseCode":"99","vnp_Message":"Các lỗi khác (lỗi còn lại, không có trong danh sách mã lỗi đã liệt kê)"}
[2025-07-24T03:13:16.813Z] [VNPAY][QUERY] Requesting transaction: ORDER_1753326750428
[2025-07-24T03:13:16.860Z] [VNPAY LOG]: {"createdAt":"2025-07-24T03:13:16.860Z","method":"queryDr","isVerified":true,"isSuccess":false,"message":"Các lỗi khác (lỗi còn lại, không có trong danh sách mã lỗi đã liệt kê)","vnp_ResponseCode":"99","vnp_Message":"Các lỗi khác (lỗi còn lại, không có trong danh sách mã lỗi đã liệt kê)"}
[2025-07-24T03:13:16.860Z] [VNPAY][QUERY] Result: {"isVerified":true,"isSuccess":false,"message":"Các lỗi khác (lỗi còn lại, không có trong danh sách mã lỗi đã liệt kê)","vnp_ResponseCode":"99","vnp_Message":"Các lỗi khác (lỗi còn lại, không có trong danh sách mã lỗi đã liệt kê)"}
[2025-07-24T03:13:17.915Z] [VNPAY][QUERY] Requesting transaction: ORDER_1753326750428
[2025-07-24T03:13:17.965Z] [VNPAY LOG]: {"createdAt":"2025-07-24T03:13:17.964Z","method":"queryDr","isVerified":true,"isSuccess":false,"message":"Các lỗi khác (lỗi còn lại, không có trong danh sách mã lỗi đã liệt kê)","vnp_ResponseCode":"99","vnp_Message":"Các lỗi khác (lỗi còn lại, không có trong danh sách mã lỗi đã liệt kê)"}
[2025-07-24T03:13:17.965Z] [VNPAY][QUERY] Result: {"isVerified":true,"isSuccess":false,"message":"Các lỗi khác (lỗi còn lại, không có trong danh sách mã lỗi đã liệt kê)","vnp_ResponseCode":"99","vnp_Message":"Các lỗi khác (lỗi còn lại, không có trong danh sách mã lỗi đã liệt kê)"}
[2025-07-24T03:27:32.049Z] [VNPAY][CREATE] Request: {"amount":949000,"orderInfo":"Thanh toán đơn hàng #1753327651364","returnUrl":"http://192.168.100.246:8081/payment-callback"}
[2025-07-24T03:27:32.052Z] [VNPAY][CREATE] Payment URL: https://sandbox.vnpayment.vn/paymentv2/vpcpay.html?vnp_Amount=9490000000&vnp_Command=pay&vnp_CreateDate=20250724172732&vnp_CurrCode=VND&vnp_IpAddr=%3A%3Affff%3A192.168.100.246&vnp_Locale=vn&vnp_OrderInfo=Thanh+to%C3%A1n+%C4%91%C6%A1n+h%C3%A0ng+%231753327651364&vnp_OrderType=other&vnp_ReturnUrl=http%3A%2F%2F192.168.100.246%3A8081%2Fpayment-callback&vnp_TmnCode=ROJ5KGHQ&vnp_TxnRef=ORDER_1753327652050&vnp_Version=2.1.0&vnp_SecureHash=702ebfac9e009934effb44aff2bfce9ea1d8e2a6f28d3a18e6217b62efb9d684d779bc2f58be5283628e14afb708d077098bf21d10414f63e05e0bcc59d3c9e4
[2025-07-24T03:27:32.051Z] [VNPAY LOG]: {"createdAt":"2025-07-24T03:27:32.051Z","method":"buildPaymentUrl","paymentUrl":"https://sandbox.vnpayment.vn/paymentv2/vpcpay.html?vnp_Amount=9490000000&vnp_Command=pay&vnp_CreateDate=20250724172732&vnp_CurrCode=VND&vnp_IpAddr=%3A%3Affff%3A192.168.100.246&vnp_Locale=vn&vnp_OrderInfo=Thanh+to%C3%A1n+%C4%91%C6%A1n+h%C3%A0ng+%231753327651364&vnp_OrderType=other&vnp_ReturnUrl=http%3A%2F%2F192.168.100.246%3A8081%2Fpayment-callback&vnp_TmnCode=ROJ5KGHQ&vnp_TxnRef=ORDER_1753327652050&vnp_Version=2.1.0","vnp_TmnCode":"ROJ5KGHQ","vnp_Version":"2.1.0","vnp_CurrCode":"VND","vnp_Locale":"vn","vnp_Command":"pay","vnp_OrderType":"other","vnp_Amount":9490000000,"vnp_IpAddr":"::ffff:192.168.100.246","vnp_ReturnUrl":"http://192.168.100.246:8081/payment-callback","vnp_TxnRef":"ORDER_1753327652050","vnp_OrderInfo":"Thanh toán đơn hàng #1753327651364","vnp_CreateDate":20250724172732}
[2025-07-24T03:27:32.182Z] [VNPAY][QUERY] Requesting transaction: ORDER_1753327652050
[2025-07-24T03:27:32.403Z] [VNPAY LOG]: {"createdAt":"2025-07-24T03:27:32.402Z","method":"queryDr","isVerified":true,"isSuccess":false,"message":"Các lỗi khác (lỗi còn lại, không có trong danh sách mã lỗi đã liệt kê)","vnp_ResponseCode":"99","vnp_Message":"Các lỗi khác (lỗi còn lại, không có trong danh sách mã lỗi đã liệt kê)"}
[2025-07-24T03:27:32.403Z] [VNPAY][QUERY] Result: {"isVerified":true,"isSuccess":false,"message":"Các lỗi khác (lỗi còn lại, không có trong danh sách mã lỗi đã liệt kê)","vnp_ResponseCode":"99","vnp_Message":"Các lỗi khác (lỗi còn lại, không có trong danh sách mã lỗi đã liệt kê)"}
[2025-07-24T03:28:46.952Z] [VNPAY][QUERY] Requesting transaction: ORDER_1753327652050
[2025-07-24T03:28:47.102Z] [VNPAY LOG]: {"createdAt":"2025-07-24T03:28:47.100Z","method":"queryDr","isVerified":true,"isSuccess":false,"message":"Các lỗi khác (lỗi còn lại, không có trong danh sách mã lỗi đã liệt kê)","vnp_ResponseCode":"99","vnp_Message":"Các lỗi khác (lỗi còn lại, không có trong danh sách mã lỗi đã liệt kê)"}
[2025-07-24T03:28:47.103Z] [VNPAY][QUERY] Result: {"isVerified":true,"isSuccess":false,"message":"Các lỗi khác (lỗi còn lại, không có trong danh sách mã lỗi đã liệt kê)","vnp_ResponseCode":"99","vnp_Message":"Các lỗi khác (lỗi còn lại, không có trong danh sách mã lỗi đã liệt kê)"}
[2025-07-24T03:28:48.178Z] [VNPAY][QUERY] Requesting transaction: ORDER_1753327652050
[2025-07-24T03:28:48.222Z] [VNPAY LOG]: {"createdAt":"2025-07-24T03:28:48.221Z","method":"queryDr","isVerified":true,"isSuccess":false,"message":"Các lỗi khác (lỗi còn lại, không có trong danh sách mã lỗi đã liệt kê)","vnp_ResponseCode":"99","vnp_Message":"Các lỗi khác (lỗi còn lại, không có trong danh sách mã lỗi đã liệt kê)"}
[2025-07-24T03:28:48.222Z] [VNPAY][QUERY] Result: {"isVerified":true,"isSuccess":false,"message":"Các lỗi khác (lỗi còn lại, không có trong danh sách mã lỗi đã liệt kê)","vnp_ResponseCode":"99","vnp_Message":"Các lỗi khác (lỗi còn lại, không có trong danh sách mã lỗi đã liệt kê)"}
[2025-07-24T03:28:49.280Z] [VNPAY][QUERY] Requesting transaction: ORDER_1753327652050
[2025-07-24T03:28:49.336Z] [VNPAY LOG]: {"createdAt":"2025-07-24T03:28:49.335Z","method":"queryDr","isVerified":true,"isSuccess":false,"message":"Các lỗi khác (lỗi còn lại, không có trong danh sách mã lỗi đã liệt kê)","vnp_ResponseCode":"99","vnp_Message":"Các lỗi khác (lỗi còn lại, không có trong danh sách mã lỗi đã liệt kê)"}
[2025-07-24T03:28:49.336Z] [VNPAY][QUERY] Result: {"isVerified":true,"isSuccess":false,"message":"Các lỗi khác (lỗi còn lại, không có trong danh sách mã lỗi đã liệt kê)","vnp_ResponseCode":"99","vnp_Message":"Các lỗi khác (lỗi còn lại, không có trong danh sách mã lỗi đã liệt kê)"}
[2025-07-24T03:28:50.383Z] [VNPAY][QUERY] Requesting transaction: ORDER_1753327652050
[2025-07-24T03:28:50.428Z] [VNPAY LOG]: {"createdAt":"2025-07-24T03:28:50.428Z","method":"queryDr","isVerified":true,"isSuccess":false,"message":"Các lỗi khác (lỗi còn lại, không có trong danh sách mã lỗi đã liệt kê)","vnp_ResponseCode":"99","vnp_Message":"Các lỗi khác (lỗi còn lại, không có trong danh sách mã lỗi đã liệt kê)"}
[2025-07-24T03:28:50.429Z] [VNPAY][QUERY] Result: {"isVerified":true,"isSuccess":false,"message":"Các lỗi khác (lỗi còn lại, không có trong danh sách mã lỗi đã liệt kê)","vnp_ResponseCode":"99","vnp_Message":"Các lỗi khác (lỗi còn lại, không có trong danh sách mã lỗi đã liệt kê)"}
[2025-07-24T03:34:51.847Z] VNPay payment server started at http://localhost:8000
[2025-07-24T03:36:08.603Z] [VNPAY][CREATE] Request: {"amount":949000,"orderInfo":"Thanh toán đơn hàng #1753328167883","returnUrl":"http://192.168.100.246:8081/payment-callback"}
[2025-07-24T03:36:08.607Z] [VNPAY LOG]: {"createdAt":"2025-07-24T03:36:08.607Z","method":"buildPaymentUrl","paymentUrl":"https://sandbox.vnpayment.vn/paymentv2/vpcpay.html?vnp_Amount=9490000000&vnp_Command=pay&vnp_CreateDate=20250724173608&vnp_CurrCode=VND&vnp_IpAddr=%3A%3Affff%3A192.168.100.246&vnp_Locale=vn&vnp_OrderInfo=Thanh+to%C3%A1n+%C4%91%C6%A1n+h%C3%A0ng+%231753328167883&vnp_OrderType=other&vnp_ReturnUrl=nidas%3A%2F%2Fpayment-callback&vnp_TmnCode=ROJ5KGHQ&vnp_TxnRef=ORDER_1753328168604&vnp_Version=2.1.0","vnp_TmnCode":"ROJ5KGHQ","vnp_Version":"2.1.0","vnp_CurrCode":"VND","vnp_Locale":"vn","vnp_Command":"pay","vnp_OrderType":"other","vnp_Amount":9490000000,"vnp_IpAddr":"::ffff:192.168.100.246","vnp_ReturnUrl":"nidas://payment-callback","vnp_TxnRef":"ORDER_1753328168604","vnp_OrderInfo":"Thanh toán đơn hàng #1753328167883","vnp_CreateDate":20250724173608}
[2025-07-24T03:36:08.607Z] [VNPAY][CREATE] Payment URL: https://sandbox.vnpayment.vn/paymentv2/vpcpay.html?vnp_Amount=9490000000&vnp_Command=pay&vnp_CreateDate=20250724173608&vnp_CurrCode=VND&vnp_IpAddr=%3A%3Affff%3A192.168.100.246&vnp_Locale=vn&vnp_OrderInfo=Thanh+to%C3%A1n+%C4%91%C6%A1n+h%C3%A0ng+%231753328167883&vnp_OrderType=other&vnp_ReturnUrl=nidas%3A%2F%2Fpayment-callback&vnp_TmnCode=ROJ5KGHQ&vnp_TxnRef=ORDER_1753328168604&vnp_Version=2.1.0&vnp_SecureHash=d8283df8b49b23413deebbb60ce487bed457cd5ee9cb3a8c48839e99ee035efbf1927f2dd1924f1eae5686dca3e39595673c2fac428a86aa82c767174daee6c8
[2025-07-24T03:36:08.696Z] [VNPAY][QUERY] Requesting transaction: ORDER_1753328168604
[2025-07-24T03:36:08.697Z] [VNPAY][QUERY][DEBUG] Params gửi tới VNPAY: {"vnp_TxnRef":"ORDER_1753328168604"}
[2025-07-24T03:36:09.098Z] [VNPAY LOG]: {"createdAt":"2025-07-24T03:36:09.097Z","method":"queryDr","isVerified":true,"isSuccess":false,"message":"Các lỗi khác (lỗi còn lại, không có trong danh sách mã lỗi đã liệt kê)","vnp_ResponseCode":"99","vnp_Message":"Các lỗi khác (lỗi còn lại, không có trong danh sách mã lỗi đã liệt kê)"}
[2025-07-24T03:36:09.099Z] [VNPAY][QUERY][DEBUG] vnp_ResponseCode: 99, vnp_Message: Các lỗi khác (lỗi còn lại, không có trong danh sách mã lỗi đã liệt kê)
[2025-07-24T03:36:09.098Z] [VNPAY][QUERY][DEBUG] Response từ VNPAY: {"isVerified":true,"isSuccess":false,"message":"Các lỗi khác (lỗi còn lại, không có trong danh sách mã lỗi đã liệt kê)","vnp_ResponseCode":"99","vnp_Message":"Các lỗi khác (lỗi còn lại, không có trong danh sách mã lỗi đã liệt kê)"}
[2025-07-24T03:37:11.278Z] [VNPAY][QUERY] Requesting transaction: ORDER_1753328168604
[2025-07-24T03:37:11.278Z] [VNPAY][QUERY][DEBUG] Params gửi tới VNPAY: {"vnp_TxnRef":"ORDER_1753328168604"}
[2025-07-24T03:37:11.504Z] [VNPAY LOG]: {"createdAt":"2025-07-24T03:37:11.503Z","method":"queryDr","isVerified":true,"isSuccess":false,"message":"Các lỗi khác (lỗi còn lại, không có trong danh sách mã lỗi đã liệt kê)","vnp_ResponseCode":"99","vnp_Message":"Các lỗi khác (lỗi còn lại, không có trong danh sách mã lỗi đã liệt kê)"}
[2025-07-24T03:37:11.504Z] [VNPAY][QUERY][DEBUG] Response từ VNPAY: {"isVerified":true,"isSuccess":false,"message":"Các lỗi khác (lỗi còn lại, không có trong danh sách mã lỗi đã liệt kê)","vnp_ResponseCode":"99","vnp_Message":"Các lỗi khác (lỗi còn lại, không có trong danh sách mã lỗi đã liệt kê)"}
[2025-07-24T03:37:11.504Z] [VNPAY][QUERY][DEBUG] vnp_ResponseCode: 99, vnp_Message: Các lỗi khác (lỗi còn lại, không có trong danh sách mã lỗi đã liệt kê)
[2025-07-24T03:37:12.552Z] [VNPAY][QUERY] Requesting transaction: ORDER_1753328168604
[2025-07-24T03:37:12.553Z] [VNPAY][QUERY][DEBUG] Params gửi tới VNPAY: {"vnp_TxnRef":"ORDER_1753328168604"}
[2025-07-24T03:37:12.602Z] [VNPAY LOG]: {"createdAt":"2025-07-24T03:37:12.601Z","method":"queryDr","isVerified":true,"isSuccess":false,"message":"Các lỗi khác (lỗi còn lại, không có trong danh sách mã lỗi đã liệt kê)","vnp_ResponseCode":"99","vnp_Message":"Các lỗi khác (lỗi còn lại, không có trong danh sách mã lỗi đã liệt kê)"}
[2025-07-24T03:37:12.602Z] [VNPAY][QUERY][DEBUG] Response từ VNPAY: {"isVerified":true,"isSuccess":false,"message":"Các lỗi khác (lỗi còn lại, không có trong danh sách mã lỗi đã liệt kê)","vnp_ResponseCode":"99","vnp_Message":"Các lỗi khác (lỗi còn lại, không có trong danh sách mã lỗi đã liệt kê)"}
[2025-07-24T03:37:12.603Z] [VNPAY][QUERY][DEBUG] vnp_ResponseCode: 99, vnp_Message: Các lỗi khác (lỗi còn lại, không có trong danh sách mã lỗi đã liệt kê)
[2025-07-24T03:37:13.643Z] [VNPAY][QUERY] Requesting transaction: ORDER_1753328168604
[2025-07-24T03:37:13.643Z] [VNPAY][QUERY][DEBUG] Params gửi tới VNPAY: {"vnp_TxnRef":"ORDER_1753328168604"}
[2025-07-24T03:37:13.691Z] [VNPAY LOG]: {"createdAt":"2025-07-24T03:37:13.690Z","method":"queryDr","isVerified":true,"isSuccess":false,"message":"Các lỗi khác (lỗi còn lại, không có trong danh sách mã lỗi đã liệt kê)","vnp_ResponseCode":"99","vnp_Message":"Các lỗi khác (lỗi còn lại, không có trong danh sách mã lỗi đã liệt kê)"}
[2025-07-24T03:37:13.691Z] [VNPAY][QUERY][DEBUG] vnp_ResponseCode: 99, vnp_Message: Các lỗi khác (lỗi còn lại, không có trong danh sách mã lỗi đã liệt kê)
[2025-07-24T03:37:13.691Z] [VNPAY][QUERY][DEBUG] Response từ VNPAY: {"isVerified":true,"isSuccess":false,"message":"Các lỗi khác (lỗi còn lại, không có trong danh sách mã lỗi đã liệt kê)","vnp_ResponseCode":"99","vnp_Message":"Các lỗi khác (lỗi còn lại, không có trong danh sách mã lỗi đã liệt kê)"}
[2025-07-24T03:37:14.740Z] [VNPAY][QUERY] Requesting transaction: ORDER_1753328168604
[2025-07-24T03:37:14.741Z] [VNPAY][QUERY][DEBUG] Params gửi tới VNPAY: {"vnp_TxnRef":"ORDER_1753328168604"}
[2025-07-24T03:37:14.789Z] [VNPAY LOG]: {"createdAt":"2025-07-24T03:37:14.789Z","method":"queryDr","isVerified":true,"isSuccess":false,"message":"Các lỗi khác (lỗi còn lại, không có trong danh sách mã lỗi đã liệt kê)","vnp_ResponseCode":"99","vnp_Message":"Các lỗi khác (lỗi còn lại, không có trong danh sách mã lỗi đã liệt kê)"}
[2025-07-24T03:37:14.790Z] [VNPAY][QUERY][DEBUG] Response từ VNPAY: {"isVerified":true,"isSuccess":false,"message":"Các lỗi khác (lỗi còn lại, không có trong danh sách mã lỗi đã liệt kê)","vnp_ResponseCode":"99","vnp_Message":"Các lỗi khác (lỗi còn lại, không có trong danh sách mã lỗi đã liệt kê)"}
[2025-07-24T03:37:14.790Z] [VNPAY][QUERY][DEBUG] vnp_ResponseCode: 99, vnp_Message: Các lỗi khác (lỗi còn lại, không có trong danh sách mã lỗi đã liệt kê)
[2025-07-24T03:47:17.146Z] [VNPAY][CREATE] Request: {"amount":949000,"orderInfo":"Thanh toán đơn hàng #1753328167883","returnUrl":"http://192.168.100.246:8081/payment-callback"}
[2025-07-24T03:47:17.148Z] [VNPAY LOG]: {"createdAt":"2025-07-24T03:47:17.147Z","method":"buildPaymentUrl","paymentUrl":"https://sandbox.vnpayment.vn/paymentv2/vpcpay.html?vnp_Amount=9490000000&vnp_Command=pay&vnp_CreateDate=20250724174717&vnp_CurrCode=VND&vnp_IpAddr=%3A%3Affff%3A192.168.100.246&vnp_Locale=vn&vnp_OrderInfo=Thanh+to%C3%A1n+%C4%91%C6%A1n+h%C3%A0ng+%231753328167883&vnp_OrderType=other&vnp_ReturnUrl=nidas%3A%2F%2Fpayment-callback&vnp_TmnCode=ROJ5KGHQ&vnp_TxnRef=ORDER_1753328837146&vnp_Version=2.1.0","vnp_TmnCode":"ROJ5KGHQ","vnp_Version":"2.1.0","vnp_CurrCode":"VND","vnp_Locale":"vn","vnp_Command":"pay","vnp_OrderType":"other","vnp_Amount":9490000000,"vnp_IpAddr":"::ffff:192.168.100.246","vnp_ReturnUrl":"nidas://payment-callback","vnp_TxnRef":"ORDER_1753328837146","vnp_OrderInfo":"Thanh toán đơn hàng #1753328167883","vnp_CreateDate":20250724174717}
[2025-07-24T03:47:17.148Z] [VNPAY][CREATE] Payment URL: https://sandbox.vnpayment.vn/paymentv2/vpcpay.html?vnp_Amount=9490000000&vnp_Command=pay&vnp_CreateDate=20250724174717&vnp_CurrCode=VND&vnp_IpAddr=%3A%3Affff%3A192.168.100.246&vnp_Locale=vn&vnp_OrderInfo=Thanh+to%C3%A1n+%C4%91%C6%A1n+h%C3%A0ng+%231753328167883&vnp_OrderType=other&vnp_ReturnUrl=nidas%3A%2F%2Fpayment-callback&vnp_TmnCode=ROJ5KGHQ&vnp_TxnRef=ORDER_1753328837146&vnp_Version=2.1.0&vnp_SecureHash=fa1657b1a63b3ea58576d711fd55a681d22d1d4f07ec1b49bbe04639032b988e86d460ef34d684de8b8b22d15cc09c92aded2d0d684dfe1122837e81bbc53aff
[2025-07-24T03:47:17.219Z] [VNPAY][QUERY] Requesting transaction: ORDER_1753328837146
[2025-07-24T03:47:17.219Z] [VNPAY][QUERY][DEBUG] Params gửi tới VNPAY: {"vnp_TxnRef":"ORDER_1753328837146"}
[2025-07-24T03:47:17.428Z] [VNPAY LOG]: {"createdAt":"2025-07-24T03:47:17.427Z","method":"queryDr","isVerified":true,"isSuccess":false,"message":"Các lỗi khác (lỗi còn lại, không có trong danh sách mã lỗi đã liệt kê)","vnp_ResponseCode":"99","vnp_Message":"Các lỗi khác (lỗi còn lại, không có trong danh sách mã lỗi đã liệt kê)"}
[2025-07-24T03:47:17.429Z] [VNPAY][QUERY][DEBUG] vnp_ResponseCode: 99, vnp_Message: Các lỗi khác (lỗi còn lại, không có trong danh sách mã lỗi đã liệt kê)
[2025-07-24T03:47:17.428Z] [VNPAY][QUERY][DEBUG] Response từ VNPAY: {"isVerified":true,"isSuccess":false,"message":"Các lỗi khác (lỗi còn lại, không có trong danh sách mã lỗi đã liệt kê)","vnp_ResponseCode":"99","vnp_Message":"Các lỗi khác (lỗi còn lại, không có trong danh sách mã lỗi đã liệt kê)"}
[2025-07-24T03:47:52.925Z] [VNPAY][QUERY] Requesting transaction: ORDER_1753328837146
[2025-07-24T03:47:52.925Z] [VNPAY][QUERY][DEBUG] Params gửi tới VNPAY: {"vnp_TxnRef":"ORDER_1753328837146"}
[2025-07-24T03:47:53.084Z] [VNPAY LOG]: {"createdAt":"2025-07-24T03:47:53.083Z","method":"queryDr","isVerified":true,"isSuccess":false,"message":"Các lỗi khác (lỗi còn lại, không có trong danh sách mã lỗi đã liệt kê)","vnp_ResponseCode":"99","vnp_Message":"Các lỗi khác (lỗi còn lại, không có trong danh sách mã lỗi đã liệt kê)"}
[2025-07-24T03:47:53.085Z] [VNPAY][QUERY][DEBUG] Response từ VNPAY: {"isVerified":true,"isSuccess":false,"message":"Các lỗi khác (lỗi còn lại, không có trong danh sách mã lỗi đã liệt kê)","vnp_ResponseCode":"99","vnp_Message":"Các lỗi khác (lỗi còn lại, không có trong danh sách mã lỗi đã liệt kê)"}
[2025-07-24T03:47:53.085Z] [VNPAY][QUERY][DEBUG] vnp_ResponseCode: 99, vnp_Message: Các lỗi khác (lỗi còn lại, không có trong danh sách mã lỗi đã liệt kê)
[2025-07-24T03:47:54.166Z] [VNPAY][QUERY] Requesting transaction: ORDER_1753328837146
[2025-07-24T03:47:54.167Z] [VNPAY][QUERY][DEBUG] Params gửi tới VNPAY: {"vnp_TxnRef":"ORDER_1753328837146"}
[2025-07-24T03:47:54.217Z] [VNPAY LOG]: {"createdAt":"2025-07-24T03:47:54.216Z","method":"queryDr","isVerified":true,"isSuccess":false,"message":"Các lỗi khác (lỗi còn lại, không có trong danh sách mã lỗi đã liệt kê)","vnp_ResponseCode":"99","vnp_Message":"Các lỗi khác (lỗi còn lại, không có trong danh sách mã lỗi đã liệt kê)"}
[2025-07-24T03:47:54.218Z] [VNPAY][QUERY][DEBUG] Response từ VNPAY: {"isVerified":true,"isSuccess":false,"message":"Các lỗi khác (lỗi còn lại, không có trong danh sách mã lỗi đã liệt kê)","vnp_ResponseCode":"99","vnp_Message":"Các lỗi khác (lỗi còn lại, không có trong danh sách mã lỗi đã liệt kê)"}
[2025-07-24T03:47:54.218Z] [VNPAY][QUERY][DEBUG] vnp_ResponseCode: 99, vnp_Message: Các lỗi khác (lỗi còn lại, không có trong danh sách mã lỗi đã liệt kê)
[2025-07-24T03:47:55.280Z] [VNPAY][QUERY] Requesting transaction: ORDER_1753328837146
[2025-07-24T03:47:55.280Z] [VNPAY][QUERY][DEBUG] Params gửi tới VNPAY: {"vnp_TxnRef":"ORDER_1753328837146"}
[2025-07-24T03:47:55.324Z] [VNPAY LOG]: {"createdAt":"2025-07-24T03:47:55.324Z","method":"queryDr","isVerified":true,"isSuccess":false,"message":"Các lỗi khác (lỗi còn lại, không có trong danh sách mã lỗi đã liệt kê)","vnp_ResponseCode":"99","vnp_Message":"Các lỗi khác (lỗi còn lại, không có trong danh sách mã lỗi đã liệt kê)"}
[2025-07-24T03:47:55.325Z] [VNPAY][QUERY][DEBUG] Response từ VNPAY: {"isVerified":true,"isSuccess":false,"message":"Các lỗi khác (lỗi còn lại, không có trong danh sách mã lỗi đã liệt kê)","vnp_ResponseCode":"99","vnp_Message":"Các lỗi khác (lỗi còn lại, không có trong danh sách mã lỗi đã liệt kê)"}
[2025-07-24T03:47:55.325Z] [VNPAY][QUERY][DEBUG] vnp_ResponseCode: 99, vnp_Message: Các lỗi khác (lỗi còn lại, không có trong danh sách mã lỗi đã liệt kê)
[2025-07-24T03:47:56.375Z] [VNPAY][QUERY] Requesting transaction: ORDER_1753328837146
[2025-07-24T03:47:56.376Z] [VNPAY][QUERY][DEBUG] Params gửi tới VNPAY: {"vnp_TxnRef":"ORDER_1753328837146"}
[2025-07-24T03:47:56.429Z] [VNPAY LOG]: {"createdAt":"2025-07-24T03:47:56.427Z","method":"queryDr","isVerified":true,"isSuccess":false,"message":"Các lỗi khác (lỗi còn lại, không có trong danh sách mã lỗi đã liệt kê)","vnp_ResponseCode":"99","vnp_Message":"Các lỗi khác (lỗi còn lại, không có trong danh sách mã lỗi đã liệt kê)"}
[2025-07-24T03:47:56.430Z] [VNPAY][QUERY][DEBUG] vnp_ResponseCode: 99, vnp_Message: Các lỗi khác (lỗi còn lại, không có trong danh sách mã lỗi đã liệt kê)
[2025-07-24T03:47:56.430Z] [VNPAY][QUERY][DEBUG] Response từ VNPAY: {"isVerified":true,"isSuccess":false,"message":"Các lỗi khác (lỗi còn lại, không có trong danh sách mã lỗi đã liệt kê)","vnp_ResponseCode":"99","vnp_Message":"Các lỗi khác (lỗi còn lại, không có trong danh sách mã lỗi đã liệt kê)"}
[2025-07-24T04:02:11.248Z] [VNPAY LOG]: {"createdAt":"2025-07-24T04:02:11.248Z","method":"buildPaymentUrl","paymentUrl":"https://sandbox.vnpayment.vn/paymentv2/vpcpay.html?vnp_Amount=7500000&vnp_Command=pay&vnp_CreateDate=20250724180211&vnp_CurrCode=VND&vnp_IpAddr=%3A%3Affff%3A192.168.100.246&vnp_Locale=vn&vnp_OrderInfo=Thanh+to%C3%A1n+%C4%91%C6%A1n+h%C3%A0ng+%231753329728710&vnp_OrderType=other&vnp_ReturnUrl=nidas%3A%2F%2Fpayment-callback&vnp_TmnCode=ROJ5KGHQ&vnp_TxnRef=ORDER_1753329731247&vnp_Version=2.1.0","vnp_TmnCode":"ROJ5KGHQ","vnp_Version":"2.1.0","vnp_CurrCode":"VND","vnp_Locale":"vn","vnp_Command":"pay","vnp_OrderType":"other","vnp_Amount":7500000,"vnp_IpAddr":"::ffff:192.168.100.246","vnp_ReturnUrl":"nidas://payment-callback","vnp_TxnRef":"ORDER_1753329731247","vnp_OrderInfo":"Thanh toán đơn hàng #1753329728710","vnp_CreateDate":20250724180211}
[2025-07-24T04:02:11.247Z] [VNPAY][CREATE] Request: {"amount":750,"orderInfo":"Thanh toán đơn hàng #1753329728710","returnUrl":"http://192.168.100.246:8081/payment-callback"}
[2025-07-24T04:02:11.248Z] [VNPAY][CREATE] Payment URL: https://sandbox.vnpayment.vn/paymentv2/vpcpay.html?vnp_Amount=7500000&vnp_Command=pay&vnp_CreateDate=20250724180211&vnp_CurrCode=VND&vnp_IpAddr=%3A%3Affff%3A192.168.100.246&vnp_Locale=vn&vnp_OrderInfo=Thanh+to%C3%A1n+%C4%91%C6%A1n+h%C3%A0ng+%231753329728710&vnp_OrderType=other&vnp_ReturnUrl=nidas%3A%2F%2Fpayment-callback&vnp_TmnCode=ROJ5KGHQ&vnp_TxnRef=ORDER_1753329731247&vnp_Version=2.1.0&vnp_SecureHash=c72627ce8994dbaf6080f14c5b561208e7de03f31bf8b0440e91606b92cb08a4ef0ab67b46fd698bfec500537ac85305d643b6407c10a1ec2056bbd25e0ed082
[2025-07-24T04:02:11.344Z] [VNPAY][QUERY] Requesting transaction: ORDER_1753329731247
[2025-07-24T04:02:11.344Z] [VNPAY][QUERY][DEBUG] Params gửi tới VNPAY: {"vnp_TxnRef":"ORDER_1753329731247"}
[2025-07-24T04:02:11.531Z] [VNPAY LOG]: {"createdAt":"2025-07-24T04:02:11.530Z","method":"queryDr","isVerified":true,"isSuccess":false,"message":"Các lỗi khác (lỗi còn lại, không có trong danh sách mã lỗi đã liệt kê)","vnp_ResponseCode":"99","vnp_Message":"Các lỗi khác (lỗi còn lại, không có trong danh sách mã lỗi đã liệt kê)"}
[2025-07-24T04:02:11.531Z] [VNPAY][QUERY][DEBUG] Response từ VNPAY: {"isVerified":true,"isSuccess":false,"message":"Các lỗi khác (lỗi còn lại, không có trong danh sách mã lỗi đã liệt kê)","vnp_ResponseCode":"99","vnp_Message":"Các lỗi khác (lỗi còn lại, không có trong danh sách mã lỗi đã liệt kê)"}
[2025-07-24T04:02:11.531Z] [VNPAY][QUERY][DEBUG] vnp_ResponseCode: 99, vnp_Message: Các lỗi khác (lỗi còn lại, không có trong danh sách mã lỗi đã liệt kê)
[2025-07-24T04:03:25.769Z] [VNPAY][QUERY] Requesting transaction: ORDER_1753329731247
[2025-07-24T04:03:25.769Z] [VNPAY][QUERY][DEBUG] Params gửi tới VNPAY: {"vnp_TxnRef":"ORDER_1753329731247"}
[2025-07-24T04:03:25.931Z] [VNPAY LOG]: {"createdAt":"2025-07-24T04:03:25.930Z","method":"queryDr","isVerified":true,"isSuccess":false,"message":"Các lỗi khác (lỗi còn lại, không có trong danh sách mã lỗi đã liệt kê)","vnp_ResponseCode":"99","vnp_Message":"Các lỗi khác (lỗi còn lại, không có trong danh sách mã lỗi đã liệt kê)"}
[2025-07-24T04:03:25.932Z] [VNPAY][QUERY][DEBUG] Response từ VNPAY: {"isVerified":true,"isSuccess":false,"message":"Các lỗi khác (lỗi còn lại, không có trong danh sách mã lỗi đã liệt kê)","vnp_ResponseCode":"99","vnp_Message":"Các lỗi khác (lỗi còn lại, không có trong danh sách mã lỗi đã liệt kê)"}
[2025-07-24T04:03:25.932Z] [VNPAY][QUERY][DEBUG] vnp_ResponseCode: 99, vnp_Message: Các lỗi khác (lỗi còn lại, không có trong danh sách mã lỗi đã liệt kê)
[2025-07-24T04:03:27.005Z] [VNPAY][QUERY] Requesting transaction: ORDER_1753329731247
[2025-07-24T04:03:27.007Z] [VNPAY][QUERY][DEBUG] Params gửi tới VNPAY: {"vnp_TxnRef":"ORDER_1753329731247"}
[2025-07-24T04:03:27.060Z] [VNPAY LOG]: {"createdAt":"2025-07-24T04:03:27.059Z","method":"queryDr","isVerified":true,"isSuccess":false,"message":"Các lỗi khác (lỗi còn lại, không có trong danh sách mã lỗi đã liệt kê)","vnp_ResponseCode":"99","vnp_Message":"Các lỗi khác (lỗi còn lại, không có trong danh sách mã lỗi đã liệt kê)"}
[2025-07-24T04:03:27.063Z] [VNPAY][QUERY][DEBUG] Response từ VNPAY: {"isVerified":true,"isSuccess":false,"message":"Các lỗi khác (lỗi còn lại, không có trong danh sách mã lỗi đã liệt kê)","vnp_ResponseCode":"99","vnp_Message":"Các lỗi khác (lỗi còn lại, không có trong danh sách mã lỗi đã liệt kê)"}
[2025-07-24T04:03:27.064Z] [VNPAY][QUERY][DEBUG] vnp_ResponseCode: 99, vnp_Message: Các lỗi khác (lỗi còn lại, không có trong danh sách mã lỗi đã liệt kê)
[2025-07-24T04:03:28.127Z] [VNPAY][QUERY] Requesting transaction: ORDER_1753329731247
[2025-07-24T04:03:28.127Z] [VNPAY][QUERY][DEBUG] Params gửi tới VNPAY: {"vnp_TxnRef":"ORDER_1753329731247"}
[2025-07-24T04:03:28.170Z] [VNPAY LOG]: {"createdAt":"2025-07-24T04:03:28.170Z","method":"queryDr","isVerified":true,"isSuccess":false,"message":"Các lỗi khác (lỗi còn lại, không có trong danh sách mã lỗi đã liệt kê)","vnp_ResponseCode":"99","vnp_Message":"Các lỗi khác (lỗi còn lại, không có trong danh sách mã lỗi đã liệt kê)"}
[2025-07-24T04:03:28.171Z] [VNPAY][QUERY][DEBUG] Response từ VNPAY: {"isVerified":true,"isSuccess":false,"message":"Các lỗi khác (lỗi còn lại, không có trong danh sách mã lỗi đã liệt kê)","vnp_ResponseCode":"99","vnp_Message":"Các lỗi khác (lỗi còn lại, không có trong danh sách mã lỗi đã liệt kê)"}
[2025-07-24T04:03:28.171Z] [VNPAY][QUERY][DEBUG] vnp_ResponseCode: 99, vnp_Message: Các lỗi khác (lỗi còn lại, không có trong danh sách mã lỗi đã liệt kê)
[2025-07-24T04:03:29.213Z] [VNPAY][QUERY] Requesting transaction: ORDER_1753329731247
[2025-07-24T04:03:29.214Z] [VNPAY][QUERY][DEBUG] Params gửi tới VNPAY: {"vnp_TxnRef":"ORDER_1753329731247"}
[2025-07-24T04:03:29.264Z] [VNPAY LOG]: {"createdAt":"2025-07-24T04:03:29.260Z","method":"queryDr","isVerified":true,"isSuccess":false,"message":"Các lỗi khác (lỗi còn lại, không có trong danh sách mã lỗi đã liệt kê)","vnp_ResponseCode":"99","vnp_Message":"Các lỗi khác (lỗi còn lại, không có trong danh sách mã lỗi đã liệt kê)"}
[2025-07-24T04:03:29.268Z] [VNPAY][QUERY][DEBUG] Response từ VNPAY: {"isVerified":true,"isSuccess":false,"message":"Các lỗi khác (lỗi còn lại, không có trong danh sách mã lỗi đã liệt kê)","vnp_ResponseCode":"99","vnp_Message":"Các lỗi khác (lỗi còn lại, không có trong danh sách mã lỗi đã liệt kê)"}
[2025-07-24T04:03:29.268Z] [VNPAY][QUERY][DEBUG] vnp_ResponseCode: 99, vnp_Message: Các lỗi khác (lỗi còn lại, không có trong danh sách mã lỗi đã liệt kê)
